MOL Olomoucká - Mapy   : 37.9 +0.4 Cena: 37.9 Old: 37.5 2021/11/12 14:09 - zmena ceny
Shell Olomoucká - Mapy : 37.9 +0.4 Cena: 37.9 Old: 37.5 2021-11-15 12:28:39 - zmena ceny
Globus                 : 36.5 +0.2 Cena: 36.5 Old: 36.3 2021-11-16 08:47:30 - zmena ceny
Benzina Albert Modřice : 36.9 -0.3 Cena: 36.9 Old: 37.2 2021-11-18 09:50:16 - zmena ceny
EuroOil Opuštěná-Mapy  : 37.6 +0.2 Cena: 37.6 Old: 37.4 2021-11-22 09:14:08 - zmena ceny
TankONO                : 34.9 -0.6 Cena: 34.9 Old: 35.5 2021-11-29 10:44:31 - zmena ceny
Makro                  : 35.9 -0.3 Cena: 35.9 Old: 36.2 2021-12-01 10:49:23 - zmena ceny
TankONO                : 33.5 -1.4 Cena: 33.5 Old: 34.9 2021-12-06 09:05:31 - zmena ceny
Tesco                  : 35.9 -0.3 Cena: 35.9 Old: 36.2 2021-12-06 09:05:40 - zmena ceny
Benzina Albert Modřice : 36.5 -0.4 Cena: 36.5 Old: 36.9 2021-12-06 09:05:48 - zmena ceny
MOL Olomoucká          : 37.7 -0.2 Cena: 37.7 Old: 37.9 2021-12-07 10:33:15 - zmena ceny
EuroOil Opuštěná       : 37.2 -0.4 Cena: 37.2 Old: 37.6 2021-12-08 09:01:08 - zmena ceny
Makro                  : 34.5 -1.4 Cena: 34.5 Old: 35.9 2021-12-09 08:36:39 - zmena ceny
Shell Olomoucká        : 37.7 -0.2 Cena: 37.7 Old: 37.9 2021-12-09 08:36:43 - zmena ceny
Tesco                  : 34.5 -1.4 Cena: 34.5 Old: 35.9 2021-12-09 14:37:26 - zmena ceny
TankONO                : 32.9 -0.6 Cena: 32.9 Old: 33.5 2021-12-10 05:35:58 - zmena ceny
Globus                 : 34.9 -1.6 Cena: 34.9 Old: 36.5 2021-12-10 08:12:56 - zmena ceny
Shell Olomoucká        : 37.71 +0.01 Cena: 37.71 Old: 37.7 2021-12-11 05:36:17 - zmena ceny
MOL Olomoucká          : 37.5 -0.2 Cena: 37.5 Old: 37.7 2021-12-11 05:36:20 - zmena ceny
EuroOil Opuštěná       : 36.9 -0.3 Cena: 36.9 Old: 37.2 2021-12-12 05:36:22 - zmena ceny
Makro                  : 34.9 +0.4 Cena: 34.9 Old: 34.5 2021-12-13 05:36:06 - zmena ceny
Shell Olomoucká        : 37.7 -0.01 Cena: 37.7 Old: 37.71 2021-12-13 14:29:32 - zmena ceny
Benzina Albert Modřice : 36.2 -0.3 Cena: 36.2 Old: 36.5 2021-12-13 14:29:36 - zmena ceny
Shell Olomoucká        : 37.5 -0.2 Cena: 37.5 Old: 37.7 2021-12-15 05:36:15 - zmena ceny
Makro                  : 34.5 -0.4 Cena: 34.5 Old: 34.9 2021-12-16 05:36:07 - zmena ceny
MOL Olomoucká          : 37.29 -0.21 Cena: 37.29 Old: 37.5 2021-12-17 05:36:13 - zmena ceny
Makro                  : 34.9 +0.4 Cena: 34.9 Old: 34.5 2021-12-20 05:36:07 - zmena ceny
Shell Olomoucká        : 37.29 -0.21 Cena: 37.29 Old: 37.5 2021-12-21 05:36:16 - zmena ceny
Makro                  : 34.5 -0.4 Cena: 34.5 Old: 34.9 2021-12-23 05:36:07 - zmena ceny
MOL Olomoucká          : 36.9 -0.39 Cena: 36.9 Old: 37.29 2021-12-23 08:54:36 - zmena ceny
Tesco                  : 33.9 -0.6 Cena: 33.9 Old: 34.5 2022-01-03 13:32:04 - zmena ceny
Shell Olomoucká        : 36.7 -0.59 Cena: 36.7 Old: 37.29 2022-01-03 13:32:08 - zmena ceny
MOL Olomoucká          : 36.7 -0.2 Cena: 36.7 Old: 36.9 2022-01-03 13:32:12 - zmena ceny
Benzina Albert Modřice : 35.9 -0.3 Cena: 35.9 Old: 36.2 2022-01-03 13:32:13 - zmena ceny
OMV IKEA               : 37.5 -0.4 Cena: 37.5 Old: 37.9 2022-01-03 13:32:17 - zmena ceny
EuroOil Opuštěná       : 36.5 -0.4 Cena: 36.5 Old: 36.9 2022-01-03 13:32:20 - zmena ceny
TankONO                : 33.5 +0.6 Cena: 33.5 Old: 32.9 2022-01-07 15:17:06 - zmena ceny
EuroOil Opuštěná       : 36.2 -0.3 Cena: 36.2 Old: 36.5 2022-01-10 08:04:35 - zmena ceny
Makro                  : 33.9 -0.6 Cena: 33.9 Old: 34.5 2022-01-13 01:15:09 - zmena ceny
TankONO                : 33.9 +0.4 Cena: 33.9 Old: 33.5 2022-01-14 15:30:04 - zmena ceny
Makro                  : 34.5 +0.6 Cena: 34.5 Old: 33.9 2022-01-17 01:15:08 - zmena ceny
EuroOil Opuštěná       : 36.4 +0.2 Cena: 36.4 Old: 36.2 2022-01-17 14:15:27 - zmena ceny
Makro                  : 34.9 +0.4 Cena: 34.9 Old: 34.5 2022-01-19 08:00:14 - zmena ceny
Benzina Albert Modřice : 36.2 +0.3 Cena: 36.2 Old: 35.9 2022-01-20 09:15:18 - zmena ceny
TankONO                : 34.5 +0.6 Cena: 34.5 Old: 33.9 2022-01-21 15:30:04 - zmena ceny
MOL Olomoucká          : 36.9 +0.2 Cena: 36.9 Old: 36.7 2022-01-21 17:45:21 - zmena ceny
MOL Olomoucká          : 36.7 -0.2 Cena: 36.7 Old: 36.9 2022-01-21 18:01:51 - zmena ceny
MOL Olomoucká          : 36.9 +0.2 Cena: 36.9 Old: 36.7 2022-01-21 18:15:22 - zmena ceny
OMV IKEA               : 37.9 +0.4 Cena: 37.9 Old: 37.5 2022-01-24 16:45:52 - zmena ceny
Globus                 : 35.3 +0.4 Cena: 35.3 Old: 34.9 2022-01-25 06:00:12 - zmena ceny
Shell Olomoucká        : 36.9 +0.2 Cena: 36.9 Old: 36.7 2022-01-26 09:15:12 - zmena ceny
Makro                  : 34.5 -0.4 Cena: 34.5 Old: 34.9 2022-01-27 01:15:08 - zmena ceny
Benzina Albert Modřice : 36.4 +0.2 Cena: 36.4 Old: 36.2 2022-01-29 09:15:21 - zmena ceny
Tesco                  : 34.5 +0.6 Cena: 34.5 Old: 33.9 2022-01-29 12:30:12 - zmena ceny
EuroOil Opuštěná       : 36.6 +0.2 Cena: 36.6 Old: 36.4 2022-01-30 16:33:50 - zmena ceny
Makro                  : 34.9 +0.4 Cena: 34.9 Old: 34.5 2022-01-31 01:15:09 - zmena ceny
Globus                 : 35.7 +0.4 Cena: 35.7 Old: 35.3 2022-02-01 06:00:13 - zmena ceny
Makro                  : 35.5 +0.6 Cena: 35.5 Old: 34.9 2022-02-02 05:32:52 - zmena ceny
Benzina Albert Modřice : 36.5 +0.1 Cena: 36.5 Old: 36.4 2022-02-02 09:14:07 - zmena ceny
Benzina Albert Modřice : 36.5 +0.1 Cena: 36.5 Old: 36.4 2022-02-02 09:27:22 - zmena ceny
Tesco                  : 35.5 +1.0 Cena: 35.5 Old: 34.5 2022-02-03 11:17:15 - zmena ceny
MOL Olomoucká          : 37.5 +0.6 Cena: 37.5 Old: 36.9 2022-02-03 17:15:24 - zmena ceny
Tesco                  : 35.51 +0.01 Cena: 35.51 Old: 35.5 2022-02-04 12:45:08 - zmena ceny
Tesco                  : 35.5 -0.01 Cena: 35.5 Old: 35.51 2022-02-04 13:15:11 - zmena ceny
TankONO                : 34.9 +0.4 Cena: 34.9 Old: 34.5 2022-02-04 15:45:08 - zmena ceny
Makro                  : 35.9 +0.4 Cena: 35.9 Old: 35.5 2022-02-05 01:16:37 - zmena ceny
Tesco                  : 35.9 +0.4 Cena: 35.9 Old: 35.5 2022-02-06 02:31:09 - zmena ceny
Benzina Albert Modřice : 36.9 +0.4 Cena: 36.9 Old: 36.5 2022-02-08 08:45:57 - zmena ceny
Shell Olomoucká        : 37.5 +0.6 Cena: 37.5 Old: 36.9 2022-02-08 09:30:21 - zmena ceny
OMV IKEA               : 38.5 +0.6 Cena: 38.5 Old: 37.9 2022-02-09 02:46:44 - zmena ceny
Globus                 : 36.1 +0.4 Cena: 36.1 Old: 35.7 2022-02-09 06:00:17 - zmena ceny
EuroOil Opuštěná       : 36.9 +0.3 Cena: 36.9 Old: 36.6 2022-02-10 00:20:52 - zmena ceny
Makro                  : 35.5 -0.4 Cena: 35.5 Old: 35.9 2022-02-10 01:01:44 - zmena ceny
TankONO                : 35.5 +0.6 Cena: 35.5 Old: 34.9 2022-02-11 15:15:03 - zmena ceny
Benzina Albert Modřice : 37.2 +0.3 Cena: 37.2 Old: 36.9 2022-02-13 09:15:16 - zmena ceny
Makro                  : 36.1 +0.6 Cena: 36.1 Old: 35.5 2022-02-14 01:15:07 - zmena ceny
Benzina Albert Modřice : 36.5 -0.7 Cena: 36.5 Old: 37.2 2022-02-15 09:03:07 - zmena ceny
Shell Olomoucká        : 37.9 +0.4 Cena: 37.9 Old: 37.5 2022-02-15 09:33:09 - zmena ceny
MOL Olomoucká          : 37.9 +0.4 Cena: 37.9 Old: 37.5 2022-02-15 14:34:58 - zmena ceny
Makro                  : 36.5 +0.4 Cena: 36.5 Old: 36.1 2022-02-16 06:15:19 - zmena ceny
Benzina Albert Modřice : 37.5 +1.0 Cena: 37.5 Old: 36.5 2022-02-16 09:15:54 - zmena ceny
Tesco                  : 36.5 +0.6 Cena: 36.5 Old: 35.9 2022-02-16 12:00:18 - zmena ceny
Tesco                  : 35.9 -0.6 Cena: 35.9 Old: 36.5 2022-02-16 12:15:15 - zmena ceny
Tesco                  : 36.5 +0.6 Cena: 36.5 Old: 35.9 2022-02-16 12:31:55 - zmena ceny
TankONO                : 35.9 +0.4 Cena: 35.9 Old: 35.5 2022-02-18 15:15:11 - zmena ceny
Makro                  : 36.7 +0.2 Cena: 36.7 Old: 36.5 2022-02-19 01:15:14 - zmena ceny
Tesco                  : 36.7 +0.2 Cena: 36.7 Old: 36.5 2022-02-19 15:46:25 - zmena ceny
EuroOil Opuštěná       : 36.5 -0.4 Cena: 36.5 Old: 36.9 2022-02-20 01:36:47 - zmena ceny
EuroOil Opuštěná       : 37.4 +0.9 Cena: 37.4 Old: 36.5 2022-02-20 23:30:44 - zmena ceny
EuroOil Opuštěná       : 36.5 -0.9 Cena: 36.5 Old: 37.4 2022-02-20 23:47:14 - zmena ceny
EuroOil Opuštěná       : 37.4 +0.9 Cena: 37.4 Old: 36.5 2022-02-21 00:21:04 - zmena ceny
MOL Olomoucká          : 38.29 +0.39 Cena: 38.29 Old: 37.9 2022-02-21 18:00:26 - zmena ceny
Globus                 : 36.9 +0.8 Cena: 36.9 Old: 36.1 2022-02-22 06:00:09 - zmena ceny
Makro                  : 36.9 +0.2 Cena: 36.9 Old: 36.7 2022-02-23 05:15:07 - zmena ceny
EuroOil Opuštěná       : 37.7 +0.3 Cena: 37.7 Old: 37.4 2022-02-23 20:45:32 - zmena ceny
EuroOil Opuštěná       : 37.4 -0.3 Cena: 37.4 Old: 37.7 2022-02-23 21:00:29 - zmena ceny
EuroOil Opuštěná       : 37.7 +0.3 Cena: 37.7 Old: 37.4 2022-02-23 21:47:11 - zmena ceny
Shell Olomoucká        : 38.29 +0.39 Cena: 38.29 Old: 37.9 2022-02-24 09:47:32 - zmena ceny
Shell Olomoucká        : 37.9 -0.39 Cena: 37.9 Old: 38.29 2022-02-24 10:17:28 - zmena ceny
Shell Olomoucká        : 38.29 +0.39 Cena: 38.29 Old: 37.9 2022-02-24 10:30:20 - zmena ceny
OMV IKEA               : 38.9 +0.4 Cena: 38.9 Old: 38.5 2022-02-24 11:48:56 - zmena ceny
OMV IKEA               : 38.5 -0.4 Cena: 38.5 Old: 38.9 2022-02-24 12:00:22 - zmena ceny
OMV IKEA               : 38.9 +0.4 Cena: 38.9 Old: 38.5 2022-02-24 12:15:24 - zmena ceny
Benzina Albert Modřice : 37.9 +0.4 Cena: 37.9 Old: 37.5 2022-02-25 09:17:23 - zmena ceny
EuroOil Opuštěná       : 37.9 +0.2 Cena: 37.9 Old: 37.7 2022-02-25 11:47:32 - zmena ceny
MOL Olomoucká          : 38.5 +0.21 Cena: 38.5 Old: 38.29 2022-02-25 13:00:19 - zmena ceny
Globus                 : 37.9 +1.0 Cena: 37.9 Old: 36.9 2022-02-25 14:00:11 - zmena ceny
Tesco                  : 36.9 +0.2 Cena: 36.9 Old: 36.7 2022-02-25 15:17:15 - zmena ceny
TankONO                : 36.5 +0.6 Cena: 36.5 Old: 35.9 2022-02-25 15:30:03 - zmena ceny
MOL Olomoucká          : 39.5 +1.0 Cena: 39.5 Old: 38.5 2022-02-25 16:32:22 - zmena ceny
Makro                  : 37.3 +0.4 Cena: 37.3 Old: 36.9 2022-02-26 01:17:15 - zmena ceny
Tesco                  : 37.29 +0.39 Cena: 37.29 Old: 36.9 2022-02-26 11:45:08 - zmena ceny
Benzina Albert Modřice : 39.5 +1.6 Cena: 39.5 Old: 37.9 2022-02-27 06:45:16 - zmena ceny
Makro                  : 37.7 +0.4 Cena: 37.7 Old: 37.3 2022-02-28 01:15:09 - zmena ceny
TankONO                : 44.9 +8.4 Cena: 44.9 Old: 36.5 2022-03-14 08:44:42 - zmena ceny
Tesco                  : 45.9 +8.61 Cena: 45.9 Old: 37.29 2022-03-14 08:44:52 - zmena ceny
Globus                 : 45.9 +8.0 Cena: 45.9 Old: 37.9 2022-03-14 08:44:52 - zmena ceny
Makro                  : 45.9 +8.2 Cena: 45.9 Old: 37.7 2022-03-14 08:44:52 - zmena ceny
Shell Olomoucká        : 47.9 +9.61 Cena: 47.9 Old: 38.29 2022-03-14 08:44:55 - zmena ceny
MOL Olomoucká          : 46.9 +7.4 Cena: 46.9 Old: 39.5 2022-03-14 08:44:59 - zmena ceny
Benzina Albert Modřice : 46.9 +7.4 Cena: 46.9 Old: 39.5 2022-03-14 08:44:59 - zmena ceny
OMV IKEA               : 47.9 +9.0 Cena: 47.9 Old: 38.9 2022-03-14 08:45:02 - zmena ceny
EuroOil Opuštěná       : 46.9 +9.0 Cena: 46.9 Old: 37.9 2022-03-14 08:45:04 - zmena ceny
TankONO                : 42.9 -2.0 Cena: 42.9 Old: 44.9 2022-03-14 17:02:07 - zmena ceny
Shell Olomoucká        : 46.9 -1.0 Cena: 46.9 Old: 47.9 2022-03-14 17:02:16 - zmena ceny
OMV IKEA               : 46.9 -1.0 Cena: 46.9 Old: 47.9 2022-03-14 17:02:22 - zmena ceny
EuroOil Opuštěná       : 44.8 -2.1 Cena: 44.8 Old: 46.9 2022-03-14 17:02:25 - zmena ceny
Globus                 : 44.9 -1.0 Cena: 44.9 Old: 45.9 2022-03-15 08:10:14 - zmena ceny
MOL Olomoucká          : 46.5 -0.4 Cena: 46.5 Old: 46.9 2022-03-15 08:10:20 - zmena ceny
Tesco                  : 44.9 -1.0 Cena: 44.9 Old: 45.9 2022-03-16 08:34:03 - zmena ceny
Makro                  : 43.9 -2.0 Cena: 43.9 Old: 45.9 2022-03-16 08:34:04 - zmena ceny
Shell Olomoucká        : 45.9 -1.0 Cena: 45.9 Old: 46.9 2022-03-16 08:34:08 - zmena ceny
MOL Olomoucká          : 45.5 -1.0 Cena: 45.5 Old: 46.5 2022-03-16 08:34:12 - zmena ceny
Globus                 : 43.9 -1.0 Cena: 43.9 Old: 44.9 2022-03-16 14:19:29 - zmena ceny
Shell Olomoucká        : 45.5 -0.4 Cena: 45.5 Old: 45.9 2022-03-16 14:19:32 - zmena ceny
TankONO                : 41.9 -1.0 Cena: 41.9 Old: 42.9 2022-03-16 16:04:41 - zmena ceny
Makro                  : 42.9 -1.0 Cena: 42.9 Old: 43.9 2022-03-17 07:58:36 - zmena ceny
Globus                 : 42.9 -1.0 Cena: 42.9 Old: 43.9 2022-03-17 08:55:27 - zmena ceny
Tesco                  : 43.9 -1.0 Cena: 43.9 Old: 44.9 2022-03-17 13:33:31 - zmena ceny
MOL Olomoucká          : 44.9 -0.6 Cena: 44.9 Old: 45.5 2022-03-17 13:33:37 - zmena ceny
Benzina Albert Modřice : 45.9 -1.0 Cena: 45.9 Old: 46.9 2022-03-17 13:33:39 - zmena ceny
EuroOil Opuštěná       : 42.9 -1.9 Cena: 42.9 Old: 44.8 2022-03-17 13:33:44 - zmena ceny
Tesco                  : 42.9 -1.0 Cena: 42.9 Old: 43.9 2022-03-18 07:57:32 - zmena ceny
MOL Olomoucká          : 44.5 -0.4 Cena: 44.5 Old: 44.9 2022-03-18 07:57:37 - zmena ceny
OMV IKEA               : 46.5 -0.4 Cena: 46.5 Old: 46.9 2022-03-18 07:57:40 - zmena ceny
EuroOil Opuštěná       : 42.5 -0.4 Cena: 42.5 Old: 42.9 2022-03-18 07:57:45 - zmena ceny
TankONO                : 41.5 -0.4 Cena: 41.5 Old: 41.9 2022-03-18 16:04:01 - zmena ceny
Shell Olomoucká        : 44.5 -1.0 Cena: 44.5 Old: 45.5 2022-03-18 16:04:15 - zmena ceny
Benzina Albert Modřice : 44.9 -1.0 Cena: 44.9 Old: 45.9 2022-03-21 07:55:17 - zmena ceny
OMV IKEA               : 45.9 -0.6 Cena: 45.9 Old: 46.5 2022-03-21 07:55:22 - zmena ceny
Shell Olomoucká        : 43.9 -0.6 Cena: 43.9 Old: 44.5 2022-03-22 08:43:34 - zmena ceny
MOL Olomoucká          : 43.9 -0.6 Cena: 43.9 Old: 44.5 2022-03-22 08:43:36 - zmena ceny
EuroOil Opuštěná       : 43.9 +1.4 Cena: 43.9 Old: 42.5 2022-03-22 08:43:43 - zmena ceny
MOL Olomoucká          : 44.5 +0.6 Cena: 44.5 Old: 43.9 2022-03-23 18:31:57 - zmena ceny
TankONO                : 41.9 +0.4 Cena: 41.9 Old: 41.5 2022-03-25 08:07:20 - zmena ceny
Globus                 : 43.9 +1.0 Cena: 43.9 Old: 42.9 2022-03-25 08:07:28 - zmena ceny
Shell Olomoucká        : 44.5 +0.6 Cena: 44.5 Old: 43.9 2022-03-25 08:07:31 - zmena ceny
MOL Olomoucká          : 44.9 +0.4 Cena: 44.9 Old: 44.5 2022-03-25 08:07:34 - zmena ceny
EuroOil Opuštěná       : 44.2 +0.3 Cena: 44.2 Old: 43.9 2022-03-25 08:07:40 - zmena ceny
MOL Olomoucká          : 44.5 -0.4 Cena: 44.5 Old: 44.9 2022-03-28 07:59:15 - zmena ceny
Shell Olomoucká        : 44.9 +0.4 Cena: 44.9 Old: 44.5 2022-03-28 15:40:53 - zmena ceny
Benzina Albert Modřice : 44.5 -0.4 Cena: 44.5 Old: 44.9 2022-03-28 15:40:56 - zmena ceny
MOL Olomoucká          : 44.9 +0.4 Cena: 44.9 Old: 44.5 2022-03-29 08:36:53 - zmena ceny
EuroOil Opuštěná       : 43.2 -1.0 Cena: 43.2 Old: 44.2 2022-03-30 09:13:55 - zmena ceny
EuroOil Opuštěná       : 43.4 +0.2 Cena: 43.4 Old: 43.2 2022-04-01 09:07:12 - zmena ceny
EuroOil Opuštěná       : 44.1 +0.7 Cena: 44.1 Old: 43.4 2022-04-01 12:55:45 - zmena ceny
Benzina Albert Modřice : 44.1 -0.4 Cena: 44.1 Old: 44.5 2022-04-04 08:55:48 - zmena ceny
EuroOil Opuštěná       : 44.4 +0.3 Cena: 44.4 Old: 44.1 2022-04-04 08:55:55 - zmena ceny
TankONO                : 40.9 -1.0 Cena: 40.9 Old: 41.9 2022-04-04 16:54:30 - zmena ceny
MOL Olomoucká          : 44.4 -0.5 Cena: 44.4 Old: 44.9 2022-04-05 09:00:36 - zmena ceny
OMV IKEA               : 45.49 -0.41 Cena: 45.49 Old: 45.9 2022-04-05 09:00:40 - zmena ceny
Shell Olomoucká        : 44.4 -0.5 Cena: 44.4 Old: 44.9 2022-04-05 18:29:20 - zmena ceny
OMV IKEA               : 45.5 +0.01 Cena: 45.5 Old: 45.49 2022-04-05 18:29:28 - zmena ceny
Globus                 : 42.9 -1.0 Cena: 42.9 Old: 43.9 2022-04-07 13:55:08 - zmena ceny
Tesco                  : 41.9 -1.0 Cena: 41.9 Old: 42.9 2022-04-08 07:49:56 - zmena ceny
Makro                  : 42.5 -0.4 Cena: 42.5 Old: 42.9 2022-04-08 07:49:57 - zmena ceny
EuroOil Opuštěná       : 44.2 -0.2 Cena: 44.2 Old: 44.4 2022-04-08 07:50:07 - zmena ceny
TankONO                : 39.9 -1.0 Cena: 39.9 Old: 40.9 2022-04-11 07:51:46 - zmena ceny
Globus                 : 41.9 -1.0 Cena: 41.9 Old: 42.9 2022-04-11 07:51:56 - zmena ceny
MOL Olomoucká          : 43.9 -0.5 Cena: 43.9 Old: 44.4 2022-04-11 07:52:03 - zmena ceny
Benzina Albert Modřice : 43.9 -0.2 Cena: 43.9 Old: 44.1 2022-04-11 07:52:05 - zmena ceny
OMV IKEA               : 44.9 -0.6 Cena: 44.9 Old: 45.5 2022-04-11 07:52:07 - zmena ceny
EuroOil Opuštěná       : 43.5 -0.7 Cena: 43.5 Old: 44.2 2022-04-11 07:52:10 - zmena ceny
Shell Olomoucká        : 43.9 -0.5 Cena: 43.9 Old: 44.4 2022-04-11 12:12:23 - zmena ceny
EuroOil Opuštěná       : 42.9 -0.6 Cena: 42.9 Old: 43.5 2022-04-11 12:12:33 - zmena ceny
OMV IKEA               : 44.5 -0.4 Cena: 44.5 Old: 44.9 2022-04-12 13:36:07 - zmena ceny
EuroOil Opuštěná       : 41.9 -1.0 Cena: 41.9 Old: 42.9 2022-04-13 08:03:42 - zmena ceny
Makro                  : 40.9 -1.6 Cena: 40.9 Old: 42.5 2022-04-13 08:55:05 - zmena ceny
MOL Olomoucká          : 43.7 -0.2 Cena: 43.7 Old: 43.9 2022-04-14 08:01:29 - zmena ceny
Shell Olomoucká        : 43.7 -0.2 Cena: 43.7 Old: 43.9 2022-04-14 09:18:54 - zmena ceny
Tesco                  : 40.9 -1.0 Cena: 40.9 Old: 41.9 2022-04-14 13:02:55 - zmena ceny
Shell Olomoucká        : 42.9 -0.8 Cena: 42.9 Old: 43.7 2022-04-19 13:11:49 - zmena ceny
MOL Olomoucká          : 43.5 -0.2 Cena: 43.5 Old: 43.7 2022-04-19 13:11:52 - zmena ceny
Benzina Albert Modřice : 42.9 -1.0 Cena: 42.9 Old: 43.9 2022-04-19 13:11:53 - zmena ceny
Makro                  : 41.5 +0.6 Cena: 41.5 Old: 40.9 2022-04-20 08:58:20 - zmena ceny
MOL Olomoucká          : 42.9 -0.6 Cena: 42.9 Old: 43.5 2022-04-20 13:06:15 - zmena ceny
Tesco                  : 41.49 +0.59 Cena: 41.49 Old: 40.9 2022-04-21 08:09:21 - zmena ceny
Tesco                  : 41.5 +0.01 Cena: 41.5 Old: 41.49 2022-04-21 10:54:52 - zmena ceny
TankONO                : 40.9 +1.0 Cena: 40.9 Old: 39.9 2022-04-22 08:46:11 - zmena ceny
OMV IKEA               : 43.9 -0.6 Cena: 43.9 Old: 44.5 2022-04-22 08:46:31 - zmena ceny
EuroOil Opuštěná       : 42.3 +0.4 Cena: 42.3 Old: 41.9 2022-04-22 08:46:35 - zmena ceny
Globus                 : 42.5 +0.6 Cena: 42.5 Old: 41.9 2022-04-22 14:31:25 - zmena ceny
Shell Olomoucká        : 45.5 +2.6 Cena: 45.5 Old: 42.9 2022-04-25 07:52:50 - zmena ceny
EuroOil Opuštěná       : 42.6 +0.3 Cena: 42.6 Old: 42.3 2022-04-25 07:53:01 - zmena ceny
Shell Olomoucká        : 42.9 -2.6 Cena: 42.9 Old: 45.5 2022-04-25 15:31:22 - zmena ceny
EuroOil Opuštěná       : 42.9 +0.3 Cena: 42.9 Old: 42.6 2022-04-28 08:14:46 - zmena ceny
EuroOil Opuštěná       : 42.7 -0.2 Cena: 42.7 Old: 42.9 2022-04-29 08:02:13 - zmena ceny
Shell Olomoucká        : 43.9 +1.0 Cena: 43.9 Old: 42.9 2022-05-02 11:30:44 - zmena ceny
Makro                  : 42.5 +1.0 Cena: 42.5 Old: 41.5 2022-05-03 07:52:30 - zmena ceny
MOL Olomoucká          : 43.5 +0.6 Cena: 43.5 Old: 42.9 2022-05-03 07:52:38 - zmena ceny
TankONO                : 41.9 +1.0 Cena: 41.9 Old: 40.9 2022-05-03 17:01:02 - zmena ceny
MOL Olomoucká          : 43.9 +0.4 Cena: 43.9 Old: 43.5 2022-05-03 17:01:16 - zmena ceny
Makro                  : 42.9 +0.4 Cena: 42.9 Old: 42.5 2022-05-04 07:56:41 - zmena ceny
TankONO                : 42.9 +1.0 Cena: 42.9 Old: 41.9 2022-05-05 15:47:59 - zmena ceny
Tesco                  : 42.5 +1.0 Cena: 42.5 Old: 41.5 2022-05-05 15:48:06 - zmena ceny
MOL Olomoucká          : 44.2 +0.3 Cena: 44.2 Old: 43.9 2022-05-05 15:48:12 - zmena ceny
Benzina Albert Modřice : 43.7 +0.8 Cena: 43.7 Old: 42.9 2022-05-05 15:48:12 - zmena ceny
EuroOil Opuštěná       : 42.9 +0.2 Cena: 42.9 Old: 42.7 2022-05-05 15:48:17 - zmena ceny
Makro                  : 43.5 +0.6 Cena: 43.5 Old: 42.9 2022-05-06 07:51:58 - zmena ceny
Shell Olomoucká        : 44.2 +0.3 Cena: 44.2 Old: 43.9 2022-05-06 07:52:01 - zmena ceny
Benzina Albert Modřice : 43.9 +0.2 Cena: 43.9 Old: 43.7 2022-05-06 09:50:02 - zmena ceny
Tesco                  : 43.5 +1.0 Cena: 43.5 Old: 42.5 2022-05-09 08:08:48 - zmena ceny
Shell Olomoucká        : 44.6 +0.4 Cena: 44.6 Old: 44.2 2022-05-09 08:08:56 - zmena ceny
MOL Olomoucká          : 44.6 +0.4 Cena: 44.6 Old: 44.2 2022-05-09 08:09:01 - zmena ceny
OMV IKEA               : 44.5 +0.6 Cena: 44.5 Old: 43.9 2022-05-09 08:09:04 - zmena ceny
Shell Olomoucká        : 44.9 +0.3 Cena: 44.9 Old: 44.6 2022-05-10 09:09:05 - zmena ceny
MOL Olomoucká          : 44.9 +0.3 Cena: 44.9 Old: 44.6 2022-05-10 09:09:08 - zmena ceny
Benzina Albert Modřice : 44.5 +0.6 Cena: 44.5 Old: 43.9 2022-05-10 09:09:11 - zmena ceny
OMV IKEA               : 45.5 +1.0 Cena: 45.5 Old: 44.5 2022-05-10 09:09:13 - zmena ceny
Makro                  : 43.9 +0.4 Cena: 43.9 Old: 43.5 2022-05-11 08:53:52 - zmena ceny
EuroOil Opuštěná       : 44.4 +1.5 Cena: 44.4 Old: 42.9 2022-05-13 08:17:08 - zmena ceny
MOL Olomoucká          : 45.1 +0.2 Cena: 45.1 Old: 44.9 2022-05-16 08:03:18 - zmena ceny
Benzina Albert Modřice : 44.7 +0.2 Cena: 44.7 Old: 44.5 2022-05-16 08:03:21 - zmena ceny
Makro                  : 44.9 +1.0 Cena: 44.9 Old: 43.9 2022-05-16 14:56:37 - zmena ceny
Shell Olomoucká        : 45.5 +0.6 Cena: 45.5 Old: 44.9 2022-05-16 14:56:55 - zmena ceny
MOL Olomoucká          : 45.9 +0.8 Cena: 45.9 Old: 45.1 2022-05-16 14:57:17 - zmena ceny
Benzina Albert Modřice : 45.5 +0.8 Cena: 45.5 Old: 44.7 2022-05-16 14:57:19 - zmena ceny
Shell Olomoucká        : 45.9 +0.4 Cena: 45.9 Old: 45.5 2022-05-17 07:58:10 - zmena ceny
OMV IKEA               : 46.2 +0.7 Cena: 46.2 Old: 45.5 2022-05-17 07:58:17 - zmena ceny
TankONO                : 44.5 +1.6 Cena: 44.5 Old: 42.9 2022-05-17 16:30:46 - zmena ceny
EuroOil Opuštěná       : 44.2 -0.2 Cena: 44.2 Old: 44.4 2022-05-17 16:31:09 - zmena ceny
OMV IKEA               : 46.5 +0.3 Cena: 46.5 Old: 46.2 2022-05-17 18:18:25 - zmena ceny
Makro                  : 45.9 +1.0 Cena: 45.9 Old: 44.9 2022-05-18 07:59:33 - zmena ceny
TankONO                : 44.9 +0.4 Cena: 44.9 Old: 44.5 2022-05-20 13:43:56 - zmena ceny
Tesco                  : 45.5 +2.0 Cena: 45.5 Old: 43.5 2022-05-20 13:43:59 - zmena ceny
Shell Olomoucká        : 46.9 +1.0 Cena: 46.9 Old: 45.9 2022-05-20 13:44:02 - zmena ceny
MOL Olomoucká          : 46.9 +1.0 Cena: 46.9 Old: 45.9 2022-05-20 13:44:05 - zmena ceny
Benzina Albert Modřice : 46.7 +1.2 Cena: 46.7 Old: 45.5 2022-05-20 13:44:05 - zmena ceny
OMV IKEA               : 47.5 +1.0 Cena: 47.5 Old: 46.5 2022-05-20 13:44:08 - zmena ceny
EuroOil Opuštěná       : 44.9 +0.7 Cena: 44.9 Old: 44.2 2022-05-20 13:44:10 - zmena ceny
EuroOil Opuštěná       : 46.2 +1.3 Cena: 46.2 Old: 44.9 2022-05-24 12:56:15 - zmena ceny
EuroOil Opuštěná       : 46.5 +0.3 Cena: 46.5 Old: 46.2 2022-05-25 17:36:42 - zmena ceny
Globus                 : 45.9 +0.9 Cena: 45.9 Old: 45.0 2022-05-26 11:02:14 - zmena ceny
Shell Olomoucká        : 47.2 +0.3 Cena: 47.2 Old: 46.9 2022-05-30 09:23:50 - zmena ceny
MOL Olomoucká          : 47.2 +0.3 Cena: 47.2 Old: 46.9 2022-05-30 09:23:53 - zmena ceny
Benzina Albert Modřice : 47.4 +0.7 Cena: 47.4 Old: 46.7 2022-05-30 09:23:56 - zmena ceny
Shell Olomoucká        : 47.7 +0.5 Cena: 47.7 Old: 47.2 2022-05-31 11:36:05 - zmena ceny
MOL Olomoucká          : 47.7 +0.5 Cena: 47.7 Old: 47.2 2022-05-31 11:36:08 - zmena ceny
EuroOil Opuštěná       : 46.7 +0.2 Cena: 46.7 Old: 46.5 2022-05-31 11:36:16 - zmena ceny
Makro                  : 45.6 -0.3 Cena: 45.6 Old: 45.9 2022-06-01 08:57:09 - zmena ceny
Shell Olomoucká        : 45.9 -1.8 Cena: 45.9 Old: 47.7 2022-06-01 08:57:12 - zmena ceny
MOL Olomoucká          : 45.9 -1.8 Cena: 45.9 Old: 47.7 2022-06-01 10:23:37 - zmena ceny
OMV IKEA               : 47.0 -0.5 Cena: 47.0 Old: 47.5 2022-06-01 10:23:41 - zmena ceny
EuroOil Opuštěná       : 45.4 -1.3 Cena: 45.4 Old: 46.7 2022-06-01 13:13:29 - zmena ceny
TankONO                : 45.5 +0.6 Cena: 45.5 Old: 44.9 2022-06-03 16:21:52 - zmena ceny
Shell Olomoucká        : 46.5 +0.6 Cena: 46.5 Old: 45.9 2022-06-06 07:55:38 - zmena ceny
Benzina Albert Modřice : 45.6 -1.8 Cena: 45.6 Old: 47.4 2022-06-06 07:55:38 - zmena ceny
EuroOil Opuštěná       : 45.6 +0.2 Cena: 45.6 Old: 45.4 2022-06-06 07:55:38 - zmena ceny
Makro                  : 46.1 +0.5 Cena: 46.1 Old: 45.6 2022-06-07 07:40:30 - zmena ceny
MOL Olomoucká          : 46.5 +0.6 Cena: 46.5 Old: 45.9 2022-06-07 07:40:30 - zmena ceny
EuroOil Opuštěná       : 45.9 +0.3 Cena: 45.9 Old: 45.6 2022-06-07 07:40:30 - zmena ceny
Globus                 : 46.5 +0.6 Cena: 46.5 Old: 45.9 2022-06-07 13:35:40 - zmena ceny
Tesco                  : 46.1 +0.6 Cena: 46.1 Old: 45.5 2022-06-08 09:01:17 - zmena ceny
OMV IKEA               : 47.5 +0.5 Cena: 47.5 Old: 47.0 2022-06-08 09:01:17 - zmena ceny
TankONO                : 46.5 +1.0 Cena: 46.5 Old: 45.5 2022-06-08 16:55:23 - zmena ceny
Globus                 : 46.9 +0.4 Cena: 46.9 Old: 46.5 2022-06-08 16:55:23 - zmena ceny
Makro                  : 47.2 +1.1 Cena: 47.2 Old: 46.1 2022-06-09 08:00:34 - zmena ceny
Shell Olomoucká        : 46.9 +0.4 Cena: 46.9 Old: 46.5 2022-06-09 10:40:54 - zmena ceny
Benzina Albert Modřice : 46.5 +0.9 Cena: 46.5 Old: 45.6 2022-06-09 10:40:54 - zmena ceny
Tesco                  : 47.2 +1.1 Cena: 47.2 Old: 46.1 2022-06-09 13:34:47 - zmena ceny
EuroOil Opuštěná       : 46.4 +0.5 Cena: 46.4 Old: 45.9 2022-06-09 13:34:47 - zmena ceny
MOL Olomoucká          : 46.9 +0.4 Cena: 46.9 Old: 46.5 2022-06-10 08:08:54 - zmena ceny
Benzina Albert Modřice : 46.9 +0.4 Cena: 46.9 Old: 46.5 2022-06-10 10:55:34 - zmena ceny
TankONO                : 46.9 +0.4 Cena: 46.9 Old: 46.5 2022-06-13 07:55:45 - zmena ceny
Makro                  : 47.5 +0.3 Cena: 47.5 Old: 47.2 2022-06-13 07:55:45 - zmena ceny
MOL Olomoucká          : 47.5 +0.6 Cena: 47.5 Old: 46.9 2022-06-13 07:55:45 - zmena ceny
Benzina Albert Modřice : 47.2 +0.3 Cena: 47.2 Old: 46.9 2022-06-13 07:55:45 - zmena ceny
OMV IKEA               : 47.9 +0.4 Cena: 47.9 Old: 47.5 2022-06-13 07:55:45 - zmena ceny
EuroOil Opuštěná       : 46.8 +0.4 Cena: 46.8 Old: 46.4 2022-06-13 07:55:45 - zmena ceny
Globus                 : 47.2 +0.3 Cena: 47.2 Old: 46.9 2022-06-14 07:52:53 - zmena ceny
OMV IKEA               : 48.5 +0.6 Cena: 48.5 Old: 47.9 2022-06-14 07:52:53 - zmena ceny
Tesco                  : 47.5 +0.3 Cena: 47.5 Old: 47.2 2022-06-14 14:43:26 - zmena ceny
Shell Olomoucká        : 47.9 +1.0 Cena: 47.9 Old: 46.9 2022-06-14 14:43:26 - zmena ceny
Makro                  : 47.7 +0.2 Cena: 47.7 Old: 47.5 2022-06-15 08:45:35 - zmena ceny
MOL Olomoucká          : 47.9 +0.4 Cena: 47.9 Old: 47.5 2022-06-15 08:45:35 - zmena ceny
EuroOil Opuštěná       : 47.2 +0.4 Cena: 47.2 Old: 46.8 2022-06-15 08:45:35 - zmena ceny
Tesco                  : 47.7 +0.2 Cena: 47.7 Old: 47.5 2022-06-16 12:54:53 - zmena ceny
Benzina Albert Modřice : 47.9 +0.7 Cena: 47.9 Old: 47.2 2022-06-16 12:54:53 - zmena ceny
EuroOil Opuštěná       : 47.6 +0.4 Cena: 47.6 Old: 47.2 2022-06-16 12:54:53 - zmena ceny
Makro                  : 47.9 +0.2 Cena: 47.9 Old: 47.7 2022-06-20 08:43:21 - zmena ceny
MOL Olomoucká          : 48.2 +0.3 Cena: 48.2 Old: 47.9 2022-06-22 07:45:15 - zmena ceny
Tesco                  : 47.9 +0.2 Cena: 47.9 Old: 47.7 2022-06-22 10:38:28 - zmena ceny
EuroOil Opuštěná       : 47.8 +0.2 Cena: 47.8 Old: 47.6 2022-06-23 09:20:19 - zmena ceny
TankONO                : 45.9 -1.0 Cena: 45.9 Old: 46.9 2022-06-24 08:55:34 - zmena ceny
Shell Olomoucká        : 48.2 +0.3 Cena: 48.2 Old: 47.9 2022-06-24 08:55:34 - zmena ceny
Shell Olomoucká        : 47.9 -0.3 Cena: 47.9 Old: 48.2 2022-06-24 08:57:51 - zmena ceny
Shell Olomoucká        : 48.2 +0.3 Cena: 48.2 Old: 47.9 2022-06-24 14:55:51 - zmena ceny
MOL Olomoucká          : 47.9 -0.3 Cena: 47.9 Old: 48.2 2022-06-24 14:55:51 - zmena ceny
EuroOil Opuštěná       : 47.9 +0.1 Cena: 47.9 Old: 47.8 2022-06-24 14:55:51 - zmena ceny
Tesco                  : 46.9 -1.0 Cena: 46.9 Old: 47.9 2022-06-28 07:52:42 - zmena ceny
Shell Olomoucká        : 48.5 +0.3 Cena: 48.5 Old: 48.2 2022-06-28 07:52:42 - zmena ceny
MOL Olomoucká          : 48.5 +0.6 Cena: 48.5 Old: 47.9 2022-06-28 07:52:42 - zmena ceny
TankONO                : 37.9 -8.0 Cena: 37.9 Old: 45.9 2022-08-27 15:00:55 - zmena ceny
Tesco                  : 38.9 -8.0 Cena: 38.9 Old: 46.9 2022-08-27 15:00:55 - zmena ceny
Globus                 : 39.9 -7.3 Cena: 39.9 Old: 47.2 2022-08-27 15:00:55 - zmena ceny
Makro                  : 38.9 -9.0 Cena: 38.9 Old: 47.9 2022-08-27 15:00:55 - zmena ceny
Shell Olomoucká        : 41.9 -6.6 Cena: 41.9 Old: 48.5 2022-08-27 15:00:55 - zmena ceny
MOL Olomoucká          : 41.9 -6.6 Cena: 41.9 Old: 48.5 2022-08-27 15:00:55 - zmena ceny
Benzina Albert Modřice : 41.4 -6.5 Cena: 41.4 Old: 47.9 2022-08-27 15:00:55 - zmena ceny
OMV IKEA               : 43.9 -4.6 Cena: 43.9 Old: 48.5 2022-08-27 15:00:55 - zmena ceny
EuroOil Opuštěná       : 40.9 -7.0 Cena: 40.9 Old: 47.9 2022-08-27 15:00:55 - zmena ceny
Tesco                  : 39.9 +1.0 Cena: 39.9 Old: 38.9 2022-09-01 18:17:05 - zmena ceny
Makro                  : 39.9 +1.0 Cena: 39.9 Old: 38.9 2022-09-01 18:17:05 - zmena ceny
TankONO                : 36.9 -1.0 Cena: 36.9 Old: 37.9 2022-09-06 18:35:57 - zmena ceny
Shell Olomoucká        : 41.6 -0.3 Cena: 41.6 Old: 41.9 2022-09-06 18:35:57 - zmena ceny
MOL Olomoucká          : 41.6 -0.3 Cena: 41.6 Old: 41.9 2022-09-06 18:35:57 - zmena ceny
OMV IKEA               : 42.9 -1.0 Cena: 42.9 Old: 43.9 2022-09-06 18:35:57 - zmena ceny
Tesco                  : 39.5 -0.4 Cena: 39.5 Old: 39.9 2022-09-07 19:52:14 - zmena ceny
Makro                  : 39.5 -0.4 Cena: 39.5 Old: 39.9 2022-09-07 19:52:14 - zmena ceny
TankONO                : 35.9 -1.0 Cena: 35.9 Old: 36.9 2022-09-09 18:11:24 - zmena ceny
Tesco                  : 38.5 -1.0 Cena: 38.5 Old: 39.5 2022-09-09 18:11:24 - zmena ceny
Globus                 : 38.9 -1.0 Cena: 38.9 Old: 39.9 2022-09-09 18:11:24 - zmena ceny
Makro                  : 37.9 -1.6 Cena: 37.9 Old: 39.5 2022-09-09 18:11:24 - zmena ceny
Shell Olomoucká        : 40.9 -0.7 Cena: 40.9 Old: 41.6 2022-09-09 18:11:24 - zmena ceny
MOL Olomoucká          : 39.9 -1.7 Cena: 39.9 Old: 41.6 2022-09-09 18:11:24 - zmena ceny
Benzina Albert Modřice : 40.9 -0.5 Cena: 40.9 Old: 41.4 2022-09-09 18:11:24 - zmena ceny
OMV IKEA               : 43.9 +1.0 Cena: 43.9 Old: 42.9 2022-09-09 18:11:24 - zmena ceny
EuroOil Opuštěná       : 39.5 -1.4 Cena: 39.5 Old: 40.9 2022-09-09 18:11:24 - zmena ceny
Benzina Albert Modřice : 39.5 -1.4 Cena: 39.5 Old: 40.9 2022-09-10 15:24:52 - zmena ceny
Tesco                  : 36.5 -2.0 Cena: 36.5 Old: 38.5 2022-09-20 18:21:04 - zmena ceny
Globus                 : 36.9 -2.0 Cena: 36.9 Old: 38.9 2022-09-20 18:21:04 - zmena ceny
Makro                  : 36.5 -1.4 Cena: 36.5 Old: 37.9 2022-09-20 18:21:04 - zmena ceny
Benzina Albert Modřice : 38.9 -0.6 Cena: 38.9 Old: 39.5 2022-09-20 18:21:04 - zmena ceny
EuroOil Opuštěná       : 38.9 -0.6 Cena: 38.9 Old: 39.5 2022-09-20 18:21:04 - zmena ceny
Benzina Albert Modřice : 38.4 -0.5 Cena: 38.4 Old: 38.9 2022-09-24 16:15:19 - zmena ceny
Makro                  : 36.3 -0.2 Cena: 36.3 Old: 36.5 2022-10-02 19:43:45 - zmena ceny
Shell Olomoucká        : 39.9 -1.0 Cena: 39.9 Old: 40.9 2022-10-02 19:43:45 - zmena ceny
MOL Olomoucká          : 38.5 -1.4 Cena: 38.5 Old: 39.9 2022-10-02 19:43:45 - zmena ceny
Benzina Albert Modřice : 37.9 -0.5 Cena: 37.9 Old: 38.4 2022-10-02 19:43:45 - zmena ceny
OMV IKEA               : 40.9 -3.0 Cena: 40.9 Old: 43.9 2022-10-02 19:43:45 - zmena ceny
EuroOil Opuštěná       : 37.7 -1.2 Cena: 37.7 Old: 38.9 2022-10-02 19:43:45 - zmena ceny
TankONO                : 37.9 +2.0 Cena: 37.9 Old: 35.9 2022-10-04 19:16:19 - zmena ceny
Tesco                  : 37.5 +1.0 Cena: 37.5 Old: 36.5 2022-10-04 19:16:19 - zmena ceny
Globus                 : 38.9 +2.0 Cena: 38.9 Old: 36.9 2022-10-04 19:16:19 - zmena ceny
Makro                  : 37.5 +1.2 Cena: 37.5 Old: 36.3 2022-10-04 19:16:19 - zmena ceny
MOL Olomoucká          : 39.9 +1.4 Cena: 39.9 Old: 38.5 2022-10-04 19:16:19 - zmena ceny
OMV IKEA               : 42.39 +1.49 Cena: 42.39 Old: 40.9 2022-10-04 19:16:19 - zmena ceny
EuroOil Opuštěná       : 39.5 +1.8 Cena: 39.5 Old: 37.7 2022-10-04 19:16:19 - zmena ceny
TankONO                : 39.5 +1.6 Cena: 39.5 Old: 37.9 2022-10-07 17:45:50 - zmena ceny
Tesco                  : 39.9 +2.4 Cena: 39.9 Old: 37.5 2022-10-07 17:45:50 - zmena ceny
Globus                 : 40.9 +2.0 Cena: 40.9 Old: 38.9 2022-10-07 17:45:50 - zmena ceny
Makro                  : 39.9 +2.4 Cena: 39.9 Old: 37.5 2022-10-07 17:45:50 - zmena ceny
Shell Olomoucká        : 40.9 +1.0 Cena: 40.9 Old: 39.9 2022-10-07 17:45:50 - zmena ceny
MOL Olomoucká          : 41.5 +1.6 Cena: 41.5 Old: 39.9 2022-10-07 17:45:50 - zmena ceny
Benzina Albert Modřice : 39.5 +1.6 Cena: 39.5 Old: 37.9 2022-10-07 17:45:50 - zmena ceny
OMV IKEA               : 43.9 +1.51 Cena: 43.9 Old: 42.39 2022-10-07 17:45:50 - zmena ceny
EuroOil Opuštěná       : 40.4 +0.9 Cena: 40.4 Old: 39.5 2022-10-07 17:45:50 - zmena ceny
Shell Olomoucká        : 41.9 +1.0 Cena: 41.9 Old: 40.9 2022-10-09 10:22:21 - zmena ceny
Benzina Albert Modřice : 34.1 -5.4 Cena: 34.1 Old: 39.5 2022-10-09 10:22:22 - zmena ceny
TankONO                : 40.9 +1.4 Cena: 40.9 Old: 39.5 2022-10-10 19:43:05 - zmena ceny
Tesco                  : 40.5 +0.6 Cena: 40.5 Old: 39.9 2022-10-10 19:43:05 - zmena ceny
Makro                  : 40.9 +1.0 Cena: 40.9 Old: 39.9 2022-10-10 19:43:05 - zmena ceny
Shell Olomoucká        : 42.5 +0.6 Cena: 42.5 Old: 41.9 2022-10-10 19:43:05 - zmena ceny
MOL Olomoucká          : 42.5 +1.0 Cena: 42.5 Old: 41.5 2022-10-10 19:43:05 - zmena ceny
Benzina Albert Modřice : 39.9 +5.8 Cena: 39.9 Old: 34.1 2022-10-10 19:43:05 - zmena ceny
OMV IKEA               : 44.9 +1.0 Cena: 44.9 Old: 43.9 2022-10-10 19:43:05 - zmena ceny
EuroOil Opuštěná       : 40.9 +0.5 Cena: 40.9 Old: 40.4 2022-10-10 19:43:05 - zmena ceny
Tesco                  : 41.5 +1.0 Cena: 41.5 Old: 40.5 2022-10-13 08:35:14 - zmena ceny
Globus                 : 41.9 +1.0 Cena: 41.9 Old: 40.9 2022-10-13 08:35:14 - zmena ceny
Makro                  : 41.5 +0.6 Cena: 41.5 Old: 40.9 2022-10-13 08:35:14 - zmena ceny
Shell Olomoucká        : 42.9 +0.4 Cena: 42.9 Old: 42.5 2022-10-13 08:35:14 - zmena ceny
MOL Olomoucká          : 43.5 +1.0 Cena: 43.5 Old: 42.5 2022-10-13 08:35:14 - zmena ceny
Benzina Albert Modřice : 41.9 +2.0 Cena: 41.9 Old: 39.9 2022-10-13 08:35:14 - zmena ceny
EuroOil Opuštěná       : 41.9 +1.0 Cena: 41.9 Old: 40.9 2022-10-13 08:35:14 - zmena ceny
Globus                 : 42.5 +0.6 Cena: 42.5 Old: 41.9 2022-10-15 15:24:08 - zmena ceny
Makro                  : 41.9 +0.4 Cena: 41.9 Old: 41.5 2022-10-15 15:24:08 - zmena ceny
Shell Olomoucká        : 43.5 +0.6 Cena: 43.5 Old: 42.9 2022-10-15 15:24:08 - zmena ceny
MOL Olomoucká          : 43.9 +0.4 Cena: 43.9 Old: 43.5 2022-10-15 15:24:08 - zmena ceny
OMV IKEA               : 44.5 -0.4 Cena: 44.5 Old: 44.9 2022-10-15 15:24:08 - zmena ceny
EuroOil Opuštěná       : 42.9 +1.0 Cena: 42.9 Old: 41.9 2022-10-15 15:24:08 - zmena ceny
Tesco                  : 41.9 +0.4 Cena: 41.9 Old: 41.5 2022-10-20 10:22:04 - zmena ceny
Globus                 : 42.9 +0.4 Cena: 42.9 Old: 42.5 2022-10-20 10:22:04 - zmena ceny
Shell Olomoucká        : 43.9 +0.4 Cena: 43.9 Old: 43.5 2022-10-20 10:22:04 - zmena ceny
Benzina Albert Modřice : 42.9 +1.0 Cena: 42.9 Old: 41.9 2022-10-20 10:22:04 - zmena ceny
OMV IKEA               : 44.9 +0.4 Cena: 44.9 Old: 44.5 2022-10-20 10:22:04 - zmena ceny
EuroOil Opuštěná       : 43.49 +0.59 Cena: 43.49 Old: 42.9 2022-10-20 10:22:04 - zmena ceny
EuroOil Opuštěná       : 43.5 +0.01 Cena: 43.5 Old: 43.49 2022-10-21 18:33:37 - zmena ceny
TankONO                : 39.9 -1.0 Cena: 39.9 Old: 40.9 2022-10-26 17:17:14 - zmena ceny
Benzina Albert Modřice : 43.5 +0.6 Cena: 43.5 Old: 42.9 2022-10-26 17:17:14 - zmena ceny
OMV IKEA               : 48.9 +4.0 Cena: 48.9 Old: 44.9 2022-11-01 17:10:34 - zmena ceny
EuroOil Opuštěná       : 42.9 -0.6 Cena: 42.9 Old: 43.5 2022-11-01 17:10:34 - zmena ceny
Tesco                  : 40.9 -1.0 Cena: 40.9 Old: 41.9 2022-11-03 13:32:33 - zmena ceny
Globus                 : 41.5 -1.4 Cena: 41.5 Old: 42.9 2022-11-03 13:32:33 - zmena ceny
Makro                  : 40.9 -1.0 Cena: 40.9 Old: 41.9 2022-11-03 13:32:33 - zmena ceny
Shell Olomoucká        : 43.5 -0.4 Cena: 43.5 Old: 43.9 2022-11-03 13:32:33 - zmena ceny
OMV IKEA               : 44.5 -4.4 Cena: 44.5 Old: 48.9 2022-11-03 13:32:33 - zmena ceny
MOL Olomoucká          : 43.5 -0.4 Cena: 43.5 Old: 43.9 2022-11-06 17:40:11 - zmena ceny
Globus                 : 41.9 +0.4 Cena: 41.9 Old: 41.5 2022-11-09 06:56:17 - zmena ceny
MOL Olomoucká          : 42.78 -0.72 Cena: 42.78 Old: 43.5 2022-11-09 06:56:18 - zmena ceny
Globus                 : 41.5 -0.4 Cena: 41.5 Old: 41.9 2022-11-12 18:56:49 - zmena ceny
Shell Olomoucká        : 42.9 -0.6 Cena: 42.9 Old: 43.5 2022-11-12 18:56:49 - zmena ceny
MOL Olomoucká          : 42.9 +0.12 Cena: 42.9 Old: 42.78 2022-11-12 18:56:49 - zmena ceny
TankONO                : 38.9 -1.0 Cena: 38.9 Old: 39.9 2022-11-17 15:23:40 - zmena ceny
Tesco                  : 39.9 -1.0 Cena: 39.9 Old: 40.9 2022-11-17 15:23:40 - zmena ceny
Globus                 : 40.9 -0.6 Cena: 40.9 Old: 41.5 2022-11-17 15:23:40 - zmena ceny
Makro                  : 39.9 -1.0 Cena: 39.9 Old: 40.9 2022-11-17 15:23:40 - zmena ceny
Shell Olomoucká        : 42.5 -0.4 Cena: 42.5 Old: 42.9 2022-11-17 15:23:40 - zmena ceny
MOL Olomoucká          : 42.5 -0.4 Cena: 42.5 Old: 42.9 2022-11-17 15:23:40 - zmena ceny
OMV IKEA               : 43.9 -0.6 Cena: 43.9 Old: 44.5 2022-11-17 15:23:40 - zmena ceny
EuroOil Opuštěná       : 41.5 -1.4 Cena: 41.5 Old: 42.9 2022-11-17 15:23:40 - zmena ceny
MOL Olomoucká          : 41.9 -0.6 Cena: 41.9 Old: 42.5 2022-11-18 19:15:08 - zmena ceny
Globus                 : 39.9 -1.0 Cena: 39.9 Old: 40.9 2022-11-20 11:11:56 - zmena ceny
TankONO                : 37.9 -1.0 Cena: 37.9 Old: 38.9 2022-11-24 15:02:27 - zmena ceny 
Globus                 : 39.5 -0.4 Cena: 39.5 Old: 39.9 2022-11-24 15:02:27 - zmena ceny 
Shell Olomoucká        : 41.5 -1.0 Cena: 41.5 Old: 42.5 2022-11-24 15:02:27 - zmena ceny 
MOL Olomoucká          : 40.9 -1.0 Cena: 40.9 Old: 41.9 2022-11-24 15:02:27 - zmena ceny 
EuroOil Opuštěná       : 40.5 -1.0 Cena: 40.5 Old: 41.5 2022-11-24 15:02:27 - zmena ceny 
AVIA                   : 37.9 -1.0 Cena: 37.9 Old: 38.9 2022-11-24 15:02:27 - zmena ceny 
Eurobit                : 37.9 +37.9 Cena: 37.9 Old: 0.0 2022-11-24 17:12:48 - zmena ceny 
Shell Olomoucká        : 40.9 -0.6 Cena: 40.9 Old: 41.5 2022-11-25 12:41:47 - zmena ceny 
OMV IKEA               : 43.5 -0.4 Cena: 43.5 Old: 43.9 2022-11-25 12:41:47 - zmena ceny 
EuroOil Opuštěná       : 39.9 -0.6 Cena: 39.9 Old: 40.5 2022-11-25 12:41:47 - zmena ceny 
AVIA                   : 37.89 -0.01 Cena: 37.89 Old: 37.9 2022-11-25 12:41:47 - zmena ceny 
Shell Olomoucká        : 40.89 -0.01 Cena: 40.89 Old: 40.9 2022-11-26 12:02:57 - zmena ceny 
AVIA                   : 37.9 +0.01 Cena: 37.9 Old: 37.89 2022-11-26 12:02:57 - zmena ceny 
Shell Olomoucká        : 40.9 +0.01 Cena: 40.9 Old: 40.89 2022-11-26 18:17:07 - zmena ceny 
AVIA                   : 37.93 +0.03 Cena: 37.93 Old: 37.9 2022-11-28 12:53:48 - zmena ceny 
AVIA                   : 37.9 -0.03 Cena: 37.9 Old: 37.93 2022-11-28 13:42:18 - zmena ceny 
MOL Olomoucká          : 39.9 -1.0 Cena: 39.9 Old: 40.9 2022-11-28 17:08:49 - zmena ceny 
Globus                 : 38.5 -1.0 Cena: 38.5 Old: 39.5 2022-11-28 23:09:34 - zmena ceny 
Makro                  : 37.5 -2.4 Cena: 37.5 Old: 39.9 2022-11-29 05:26:32 - zmena ceny 
Tesco                  : 38.9 -1.0 Cena: 38.9 Old: 39.9 2022-11-29 12:08:27 - zmena ceny 
MOL Olomoucká          : 39.07 -0.83 Cena: 39.07 Old: 39.9 2022-11-29 12:47:52 - zmena ceny 
Shell Olomoucká        : 40.89 -0.01 Cena: 40.89 Old: 40.9 2022-11-29 15:08:49 - zmena ceny 
TankONO                : 35.9 -2.0 Cena: 35.9 Old: 37.9 2022-11-29 15:48:25 - zmena ceny 
Shell Olomoucká        : 39.9 -0.99 Cena: 39.9 Old: 40.89 2022-11-29 16:40:21 - zmena ceny 
EuroOil Opuštěná       : 38.9 -1.0 Cena: 38.9 Old: 39.9 2022-11-29 17:11:54 - zmena ceny 
AVIA                   : 35.9 -2.0 Cena: 35.9 Old: 37.9 2022-11-29 17:11:54 - zmena ceny 
Eurobit                : 35.9 -2.0 Cena: 35.9 Old: 37.9 2022-11-29 17:11:54 - zmena ceny 
AVIA                   : 37.9 +2.0 Cena: 37.9 Old: 35.9 2022-11-29 18:26:46 - zmena ceny 
Eurobit                : 37.9 +2.0 Cena: 37.9 Old: 35.9 2022-11-29 18:26:46 - zmena ceny 
MOL Olomoucká          : 39.9 +0.83 Cena: 39.9 Old: 39.07 2022-11-30 08:08:48 - zmena ceny 
OMV IKEA               : 42.9 -0.6 Cena: 42.9 Old: 43.5 2022-11-30 11:10:06 - zmena ceny 
Eurobit                : 36.9 -1.0 Cena: 36.9 Old: 37.9 2022-11-30 11:10:06 - zmena ceny 
AVIA                   : 35.9 -2.0 Cena: 35.9 Old: 37.9 2022-11-30 12:08:42 - zmena ceny 
AVIA                   : 35.89 -0.01 Cena: 35.89 Old: 35.9 2022-11-30 14:03:04 - zmena ceny 
Globus                 : 37.9 -0.6 Cena: 37.9 Old: 38.5 2022-12-01 00:09:29 - zmena ceny 
Tesco                  : 37.5 -1.4 Cena: 37.5 Old: 38.9 2022-12-01 11:48:33 - zmena ceny 
OMV IKEA               : 43.9 +1.0 Cena: 43.9 Old: 42.9 2022-12-01 11:48:33 - zmena ceny 
AVIA                   : 35.9 +0.01 Cena: 35.9 Old: 35.89 2022-12-01 11:48:33 - zmena ceny 
AVIA                   : 35.86 -0.04 Cena: 35.86 Old: 35.9 2022-12-02 12:06:04 - zmena ceny 
AVIA                   : 35.9 +0.04 Cena: 35.9 Old: 35.86 2022-12-02 15:08:20 - zmena ceny 
AVIA                   : 35.86 -0.04 Cena: 35.86 Old: 35.9 2022-12-02 16:08:38 - zmena ceny 
AVIA                   : 35.9 +0.04 Cena: 35.9 Old: 35.86 2022-12-02 17:11:09 - zmena ceny 
OMV IKEA               : 41.9 -2.0 Cena: 41.9 Old: 43.9 2022-12-02 23:08:22 - zmena ceny 
AVIA                   : 35.89 -0.01 Cena: 35.89 Old: 35.9 2022-12-03 09:10:40 - zmena ceny 
AVIA                   : 35.9 +0.01 Cena: 35.9 Old: 35.89 2022-12-03 16:08:16 - zmena ceny 
AVIA                   : 35.89 -0.01 Cena: 35.89 Old: 35.9 2022-12-05 07:11:24 - zmena ceny 
AVIA                   : 35.9 +0.01 Cena: 35.9 Old: 35.89 2022-12-05 08:09:05 - zmena ceny 
OMV IKEA               : 41.5 -0.4 Cena: 41.5 Old: 41.9 2022-12-05 20:07:30 - zmena ceny 
AVIA                   : 35.89 -0.01 Cena: 35.89 Old: 35.9 2022-12-06 11:09:06 - zmena ceny 
AVIA                   : 35.9 +0.01 Cena: 35.9 Old: 35.89 2022-12-06 12:07:32 - zmena ceny 
AVIA                   : 35.89 -0.01 Cena: 35.89 Old: 35.9 2022-12-06 20:07:23 - zmena ceny 
AVIA                   : 35.9 +0.01 Cena: 35.9 Old: 35.89 2022-12-06 21:09:28 - zmena ceny 
Makro                  : 36.5 -1.0 Cena: 36.5 Old: 37.5 2022-12-07 01:40:30 - zmena ceny 
AVIA                   : 35.89 -0.01 Cena: 35.89 Old: 35.9 2022-12-07 13:14:53 - zmena ceny 
AVIA                   : 35.9 +0.01 Cena: 35.9 Old: 35.89 2022-12-07 14:17:22 - zmena ceny 
TankONO                : 34.9 -1.0 Cena: 34.9 Old: 35.9 2022-12-07 15:34:05 - zmena ceny 
Shell Olomoucká        : 39.5 -0.4 Cena: 39.5 Old: 39.9 2022-12-07 17:37:03 - zmena ceny 
MOL Olomoucká          : 39.5 -0.4 Cena: 39.5 Old: 39.9 2022-12-07 18:07:59 - zmena ceny 
AVIA                   : 35.89 -0.01 Cena: 35.89 Old: 35.9 2022-12-07 18:07:59 - zmena ceny 
AVIA                   : 35.9 +0.01 Cena: 35.9 Old: 35.89 2022-12-07 19:48:07 - zmena ceny 
Eurobit                : 34.9 -2.0 Cena: 34.9 Old: 36.9 2022-12-08 08:08:10 - zmena ceny 
AVIA                   : 34.9 -1.0 Cena: 34.9 Old: 35.9 2022-12-08 12:07:32 - zmena ceny 
AVIA                   : 34.89 -0.01 Cena: 34.89 Old: 34.9 2022-12-08 13:15:11 - zmena ceny 
AVIA                   : 34.9 +0.01 Cena: 34.9 Old: 34.89 2022-12-08 14:18:04 - zmena ceny 
EuroOil Opuštěná       : 38.5 -0.4 Cena: 38.5 Old: 38.9 2022-12-08 18:08:23 - zmena ceny 
AVIA                   : 34.89 -0.01 Cena: 34.89 Old: 34.9 2022-12-08 19:10:31 - zmena ceny 
AVIA                   : 34.9 +0.01 Cena: 34.9 Old: 34.89 2022-12-08 19:42:25 - zmena ceny 
Globus                 : 36.9 -1.0 Cena: 36.9 Old: 37.9 2022-12-09 00:09:18 - zmena ceny 
Makro                  : 35.9 -0.6 Cena: 35.9 Old: 36.5 2022-12-09 04:12:12 - zmena ceny 
MOL Olomoucká          : 38.5 -1.0 Cena: 38.5 Old: 39.5 2022-12-09 07:11:33 - zmena ceny 
Tesco                  : 36.9 -0.6 Cena: 36.9 Old: 37.5 2022-12-09 09:32:04 - zmena ceny 
AVIA                   : 34.89 -0.01 Cena: 34.89 Old: 34.9 2022-12-09 10:25:36 - zmena ceny 
AVIA                   : 34.9 +0.01 Cena: 34.9 Old: 34.89 2022-12-09 11:09:10 - zmena ceny 
TankONO                : 33.9 -1.0 Cena: 33.9 Old: 34.9 2022-12-09 15:33:10 - zmena ceny 
AVIA                   : 34.89 -0.01 Cena: 34.89 Old: 34.9 2022-12-09 15:48:07 - zmena ceny 
Shell Olomoucká        : 37.9 -1.6 Cena: 37.9 Old: 39.5 2022-12-09 19:10:35 - zmena ceny 
AVIA                   : 34.9 +0.01 Cena: 34.9 Old: 34.89 2022-12-09 20:07:53 - zmena ceny 
Globus                 : 36.5 -0.4 Cena: 36.5 Old: 36.9 2022-12-10 00:08:43 - zmena ceny 
AVIA                   : 34.89 -0.01 Cena: 34.89 Old: 34.9 2022-12-10 09:10:42 - zmena ceny 
AVIA                   : 34.9 +0.01 Cena: 34.9 Old: 34.89 2022-12-10 10:07:57 - zmena ceny 
AVIA                   : 33.9 -1.0 Cena: 33.9 Old: 34.9 2022-12-11 15:24:20 - zmena ceny 
MOL Olomoucká          : 37.9 -0.6 Cena: 37.9 Old: 38.5 2022-12-12 14:19:02 - zmena ceny 
OMV IKEA               : 40.9 -0.6 Cena: 40.9 Old: 41.5 2022-12-12 15:48:16 - zmena ceny 
Makro                  : 34.9 -1.0 Cena: 34.9 Old: 35.9 2022-12-13 01:43:17 - zmena ceny 
AVIA                   : 33.89 -0.01 Cena: 33.89 Old: 33.9 2022-12-13 08:08:32 - zmena ceny 
MOL Olomoucká          : 37.26 -0.64 Cena: 37.26 Old: 37.9 2022-12-13 09:12:26 - zmena ceny 
EuroOil Opuštěná       : 37.5 -1.0 Cena: 37.5 Old: 38.5 2022-12-13 10:09:28 - zmena ceny 
MOL Olomoucká          : 37.9 +0.64 Cena: 37.9 Old: 37.26 2022-12-13 10:48:24 - zmena ceny 
AVIA                   : 33.9 +0.01 Cena: 33.9 Old: 33.89 2022-12-13 10:48:24 - zmena ceny 
Tesco                  : 34.9 -2.0 Cena: 34.9 Old: 36.9 2022-12-13 13:15:44 - zmena ceny 
MOL Olomoucká          : 37.13 -0.77 Cena: 37.13 Old: 37.9 2022-12-13 13:15:44 - zmena ceny 
EuroOil Opuštěná       : 37.2 -0.3 Cena: 37.2 Old: 37.5 2022-12-13 16:10:14 - zmena ceny 
MOL Olomoucká          : 37.09 -0.04 Cena: 37.09 Old: 37.13 2022-12-13 17:54:37 - zmena ceny 
MOL Olomoucká          : 37.31 +0.22 Cena: 37.31 Old: 37.09 2022-12-13 19:31:18 - zmena ceny 
AVIA                   : 33.89 -0.01 Cena: 33.89 Old: 33.9 2022-12-13 21:09:49 - zmena ceny 
MOL Olomoucká          : 36.95 -0.36 Cena: 36.95 Old: 37.31 2022-12-13 22:08:27 - zmena ceny 
Globus                 : 35.5 -1.0 Cena: 35.5 Old: 36.5 2022-12-14 00:08:45 - zmena ceny 
AVIA                   : 33.9 +0.01 Cena: 33.9 Old: 33.89 2022-12-14 07:11:40 - zmena ceny 
AVIA                   : 33.89 -0.01 Cena: 33.89 Old: 33.9 2022-12-14 08:08:56 - zmena ceny 
MOL Olomoucká          : 37.9 +0.95 Cena: 37.9 Old: 36.95 2022-12-14 08:48:09 - zmena ceny 
AVIA                   : 33.9 +0.01 Cena: 33.9 Old: 33.89 2022-12-14 09:11:36 - zmena ceny 
AVIA                   : 33.89 -0.01 Cena: 33.89 Old: 33.9 2022-12-14 10:48:42 - zmena ceny 
AVIA                   : 33.9 +0.01 Cena: 33.9 Old: 33.89 2022-12-14 11:48:16 - zmena ceny 
AVIA                   : 33.89 -0.01 Cena: 33.89 Old: 33.9 2022-12-14 13:15:24 - zmena ceny 
AVIA                   : 33.9 +0.01 Cena: 33.9 Old: 33.89 2022-12-14 13:49:54 - zmena ceny 
AVIA                   : 33.89 -0.01 Cena: 33.89 Old: 33.9 2022-12-14 15:48:24 - zmena ceny 
AVIA                   : 33.9 +0.01 Cena: 33.9 Old: 33.89 2022-12-14 17:54:22 - zmena ceny 
AVIA                   : 33.89 -0.01 Cena: 33.89 Old: 33.9 2022-12-15 08:48:08 - zmena ceny 
AVIA                   : 33.9 +0.01 Cena: 33.9 Old: 33.89 2022-12-15 10:08:56 - zmena ceny 
AVIA                   : 33.89 -0.01 Cena: 33.89 Old: 33.9 2022-12-15 12:07:43 - zmena ceny 
AVIA                   : 33.9 +0.01 Cena: 33.9 Old: 33.89 2022-12-15 13:15:53 - zmena ceny 
Benzina Albert Modřice : 33.9 -9.6 Cena: 33.9 Old: 43.5 2022-12-16 09:11:21 - zmena ceny 
AVIA                   : 33.89 -0.01 Cena: 33.89 Old: 33.9 2022-12-16 09:48:51 - zmena ceny 
Tesco                  : 34.89 -0.01 Cena: 34.89 Old: 34.9 2022-12-16 12:07:17 - zmena ceny 
Tesco                  : 34.9 +0.01 Cena: 34.9 Old: 34.89 2022-12-16 13:14:01 - zmena ceny 
AVIA                   : 33.9 +0.01 Cena: 33.9 Old: 33.89 2022-12-16 13:14:01 - zmena ceny 
AVIA                   : 33.89 -0.01 Cena: 33.89 Old: 33.9 2022-12-16 15:08:27 - zmena ceny 
AVIA                   : 33.9 +0.01 Cena: 33.9 Old: 33.89 2022-12-16 16:48:09 - zmena ceny 
AVIA                   : 33.89 -0.01 Cena: 33.89 Old: 33.9 2022-12-16 18:08:24 - zmena ceny 
AVIA                   : 33.9 +0.01 Cena: 33.9 Old: 33.89 2022-12-16 19:10:00 - zmena ceny 
AVIA                   : 33.89 -0.01 Cena: 33.89 Old: 33.9 2022-12-17 13:12:43 - zmena ceny 
AVIA                   : 33.9 +0.01 Cena: 33.9 Old: 33.89 2022-12-17 13:59:07 - zmena ceny 
OMV IKEA               : 41.9 +1.0 Cena: 41.9 Old: 40.9 2022-12-18 03:00:46 - zmena ceny 
OMV IKEA               : 39.9 -2.0 Cena: 39.9 Old: 41.9 2022-12-18 10:48:00 - zmena ceny 
AVIA                   : 33.89 -0.01 Cena: 33.89 Old: 33.9 2022-12-19 10:48:26 - zmena ceny 
AVIA                   : 33.9 +0.01 Cena: 33.9 Old: 33.89 2022-12-19 11:48:10 - zmena ceny 
Eurobit                : 33.9 -1.0 Cena: 33.9 Old: 34.9 2022-12-19 13:47:10 - zmena ceny 
MOL Olomoucká          : 37.07 -0.83 Cena: 37.07 Old: 37.9 2022-12-20 08:48:21 - zmena ceny 
AVIA                   : 33.89 -0.01 Cena: 33.89 Old: 33.9 2022-12-20 08:48:21 - zmena ceny 
AVIA                   : 33.9 +0.01 Cena: 33.9 Old: 33.89 2022-12-20 11:09:02 - zmena ceny 
MOL Olomoucká          : 37.27 +0.2 Cena: 37.27 Old: 37.07 2022-12-20 12:07:52 - zmena ceny 
MOL Olomoucká          : 37.14 -0.13 Cena: 37.14 Old: 37.27 2022-12-20 13:15:00 - zmena ceny 
MOL Olomoucká          : 36.93 -0.21 Cena: 36.93 Old: 37.14 2022-12-20 14:15:27 - zmena ceny 
MOL Olomoucká          : 37.18 +0.25 Cena: 37.18 Old: 36.93 2022-12-20 15:48:07 - zmena ceny 
AVIA                   : 33.89 -0.01 Cena: 33.89 Old: 33.9 2022-12-20 16:48:22 - zmena ceny 
AVIA                   : 33.9 +0.01 Cena: 33.9 Old: 33.89 2022-12-20 17:52:32 - zmena ceny 
MOL Olomoucká          : 37.9 +0.72 Cena: 37.9 Old: 37.18 2022-12-21 10:48:25 - zmena ceny 
Shell Olomoucká        : 37.5 -0.4 Cena: 37.5 Old: 37.9 2022-12-27 08:07:42 - zmena ceny 
MOL Olomoucká          : 37.5 -0.4 Cena: 37.5 Old: 37.9 2022-12-27 14:48:12 - zmena ceny 
EuroOil Opuštěná       : 37.19 -0.01 Cena: 37.19 Old: 37.2 2022-12-27 15:47:55 - zmena ceny 
Makro                  : 35.5 +0.6 Cena: 35.5 Old: 34.9 2022-12-28 01:38:29 - zmena ceny 
Tesco                  : 35.5 +0.6 Cena: 35.5 Old: 34.9 2022-12-28 08:08:11 - zmena ceny 
AVIA                   : 33.92 +0.02 Cena: 33.92 Old: 33.9 2022-12-28 18:08:00 - zmena ceny 
AVIA                   : 33.9 -0.02 Cena: 33.9 Old: 33.92 2022-12-28 18:48:23 - zmena ceny 
AVIA                   : 33.89 -0.01 Cena: 33.89 Old: 33.9 2022-12-29 11:48:14 - zmena ceny 
AVIA                   : 33.9 +0.01 Cena: 33.9 Old: 33.89 2022-12-29 12:48:28 - zmena ceny 
Eurobit                : 34.9 +1.0 Cena: 34.9 Old: 33.9 2022-12-29 14:02:43 - zmena ceny 
EuroOil Opuštěná       : 36.9 -0.29 Cena: 36.9 Old: 37.19 2022-12-30 11:08:31 - zmena ceny 
AVIA                   : 33.92 +0.02 Cena: 33.92 Old: 33.9 2022-12-30 13:13:33 - zmena ceny 
AVIA                   : 33.9 -0.02 Cena: 33.9 Old: 33.92 2022-12-30 14:48:16 - zmena ceny 
AVIA                   : 33.89 -0.01 Cena: 33.89 Old: 33.9 2022-12-31 18:07:04 - zmena ceny 
AVIA                   : 33.9 +0.01 Cena: 33.9 Old: 33.89 2022-12-31 20:06:14 - zmena ceny 
Shell Olomoucká        : 38.5 +1.0 Cena: 38.5 Old: 37.5 2023-01-02 09:11:32 - zmena ceny 
MOL Olomoucká          : 38.5 +1.0 Cena: 38.5 Old: 37.5 2023-01-02 16:09:08 - zmena ceny 
OMV IKEA               : 40.9 +1.0 Cena: 40.9 Old: 39.9 2023-01-02 18:07:46 - zmena ceny 
Globus                 : 35.9 +0.4 Cena: 35.9 Old: 35.5 2023-01-03 00:08:09 - zmena ceny 
Makro                  : 35.9 +0.4 Cena: 35.9 Old: 35.5 2023-01-03 01:39:06 - zmena ceny 
Benzina Albert Modřice : 34.5 +0.6 Cena: 34.5 Old: 33.9 2023-01-03 09:11:41 - zmena ceny 
TankONO                : 34.9 +1.0 Cena: 34.9 Old: 33.9 2023-01-03 15:25:23 - zmena ceny 
AVIA                   : 34.9 +1.0 Cena: 34.9 Old: 33.9 2023-01-03 21:08:37 - zmena ceny 
Benzina Albert Modřice : 34.9 +0.4 Cena: 34.9 Old: 34.5 2023-01-03 22:48:20 - zmena ceny 
AVIA                   : 34.89 -0.01 Cena: 34.89 Old: 34.9 2023-01-04 07:11:29 - zmena ceny 
AVIA                   : 34.9 +0.01 Cena: 34.9 Old: 34.89 2023-01-04 08:08:08 - zmena ceny 
AVIA                   : 34.89 -0.01 Cena: 34.89 Old: 34.9 2023-01-04 10:08:55 - zmena ceny 
Tesco                  : 35.9 +0.4 Cena: 35.9 Old: 35.5 2023-01-04 11:09:51 - zmena ceny 
AVIA                   : 34.9 +0.01 Cena: 34.9 Old: 34.89 2023-01-04 11:48:13 - zmena ceny 
OMV IKEA               : 39.5 -1.4 Cena: 39.5 Old: 40.9 2023-01-05 16:48:10 - zmena ceny 
EuroOil Opuštěná       : 37.9 +1.0 Cena: 37.9 Old: 36.9 2023-01-05 16:48:10 - zmena ceny 
AVIA                   : 34.89 -0.01 Cena: 34.89 Old: 34.9 2023-01-06 09:10:39 - zmena ceny 
AVIA                   : 34.9 +0.01 Cena: 34.9 Old: 34.89 2023-01-06 11:09:00 - zmena ceny 
OMV IKEA               : 38.9 -0.6 Cena: 38.9 Old: 39.5 2023-01-06 16:09:09 - zmena ceny 
AVIA                   : 34.89 -0.01 Cena: 34.89 Old: 34.9 2023-01-06 16:09:09 - zmena ceny 
AVIA                   : 34.9 +0.01 Cena: 34.9 Old: 34.89 2023-01-06 17:11:29 - zmena ceny 
EuroOil Opuštěná       : 37.5 -0.4 Cena: 37.5 Old: 37.9 2023-01-06 17:52:39 - zmena ceny 
AVIA                   : 34.92 +0.02 Cena: 34.92 Old: 34.9 2023-01-07 18:07:15 - zmena ceny 
AVIA                   : 34.9 -0.02 Cena: 34.9 Old: 34.92 2023-01-07 21:08:39 - zmena ceny 
AVIA                   : 34.89 -0.01 Cena: 34.89 Old: 34.9 2023-01-09 19:11:02 - zmena ceny 
AVIA                   : 34.9 +0.01 Cena: 34.9 Old: 34.89 2023-01-09 20:08:06 - zmena ceny 
Globus                 : 36.5 +0.6 Cena: 36.5 Old: 35.9 2023-01-10 00:25:43 - zmena ceny 
AVIA                   : 34.89 -0.01 Cena: 34.89 Old: 34.9 2023-01-10 09:11:21 - zmena ceny 
AVIA                   : 34.9 +0.01 Cena: 34.9 Old: 34.89 2023-01-10 09:42:16 - zmena ceny 
Makro                  : 35.5 -0.4 Cena: 35.5 Old: 35.9 2023-01-11 07:11:02 - zmena ceny 
AVIA                   : 34.89 -0.01 Cena: 34.89 Old: 34.9 2023-01-11 09:11:57 - zmena ceny 
AVIA                   : 34.9 +0.01 Cena: 34.9 Old: 34.89 2023-01-11 14:20:03 - zmena ceny 
AVIA                   : 34.88 -0.02 Cena: 34.88 Old: 34.9 2023-01-11 20:07:48 - zmena ceny 
AVIA                   : 34.9 +0.02 Cena: 34.9 Old: 34.88 2023-01-11 21:09:27 - zmena ceny 
AVIA                   : 34.89 -0.01 Cena: 34.89 Old: 34.9 2023-01-12 11:48:12 - zmena ceny 
AVIA                   : 34.9 +0.01 Cena: 34.9 Old: 34.89 2023-01-12 13:16:20 - zmena ceny 
AVIA                   : 34.89 -0.01 Cena: 34.89 Old: 34.9 2023-01-13 07:11:09 - zmena ceny 
AVIA                   : 34.9 +0.01 Cena: 34.9 Old: 34.89 2023-01-13 08:48:10 - zmena ceny 
AVIA                   : 34.89 -0.01 Cena: 34.89 Old: 34.9 2023-01-14 13:59:59 - zmena ceny 
AVIA                   : 34.9 +0.01 Cena: 34.9 Old: 34.89 2023-01-15 10:08:16 - zmena ceny 
AVIA                   : 34.89 -0.01 Cena: 34.89 Old: 34.9 2023-01-17 09:48:20 - zmena ceny 
AVIA                   : 34.9 +0.01 Cena: 34.9 Old: 34.89 2023-01-17 13:50:45 - zmena ceny 
AVIA                   : 34.89 -0.01 Cena: 34.89 Old: 34.9 2023-01-17 19:10:13 - zmena ceny 
AVIA                   : 34.9 +0.01 Cena: 34.9 Old: 34.89 2023-01-17 22:08:09 - zmena ceny 
Makro                  : 35.9 +0.4 Cena: 35.9 Old: 35.5 2023-01-18 06:26:16 - zmena ceny 
MOL Olomoucká          : 38.9 +0.4 Cena: 38.9 Old: 38.5 2023-01-18 12:48:23 - zmena ceny 
AVIA                   : 34.89 -0.01 Cena: 34.89 Old: 34.9 2023-01-19 07:42:15 - zmena ceny 
Benzina Albert Modřice : 35.5 +0.6 Cena: 35.5 Old: 34.9 2023-01-19 09:11:38 - zmena ceny 
AVIA                   : 34.93 +0.04 Cena: 34.93 Old: 34.89 2023-01-19 10:25:39 - zmena ceny 
AVIA                   : 34.9 -0.03 Cena: 34.9 Old: 34.93 2023-01-19 10:48:05 - zmena ceny 
AVIA                   : 34.89 -0.01 Cena: 34.89 Old: 34.9 2023-01-20 09:11:33 - zmena ceny 
AVIA                   : 34.9 +0.01 Cena: 34.9 Old: 34.89 2023-01-20 11:48:12 - zmena ceny 
TankONO                : 35.5 +0.6 Cena: 35.5 Old: 34.9 2023-01-20 15:25:45 - zmena ceny 
AVIA                   : 35.5 +0.6 Cena: 35.5 Old: 34.9 2023-01-20 17:52:23 - zmena ceny 
Benzina Albert Modřice : 35.9 +0.4 Cena: 35.9 Old: 35.5 2023-01-21 09:10:42 - zmena ceny 
AVIA                   : 35.51 +0.01 Cena: 35.51 Old: 35.5 2023-01-23 06:08:12 - zmena ceny 
AVIA                   : 35.5 -0.01 Cena: 35.5 Old: 35.51 2023-01-23 07:10:46 - zmena ceny 
Makro                  : 36.5 +0.6 Cena: 36.5 Old: 35.9 2023-01-23 11:48:15 - zmena ceny 
Eurobit                : 35.9 +1.0 Cena: 35.9 Old: 34.9 2023-01-23 11:48:15 - zmena ceny 
Tesco                  : 36.5 +0.6 Cena: 36.5 Old: 35.9 2023-01-23 17:52:00 - zmena ceny 
Benzina Albert Modřice : 36.5 +0.6 Cena: 36.5 Old: 35.9 2023-01-24 00:25:03 - zmena ceny 
Shell Olomoucká        : 38.9 +0.4 Cena: 38.9 Old: 38.5 2023-01-24 07:47:59 - zmena ceny 
AVIA                   : 35.51 +0.01 Cena: 35.51 Old: 35.5 2023-01-24 07:47:59 - zmena ceny 
AVIA                   : 35.5 -0.01 Cena: 35.5 Old: 35.51 2023-01-24 08:48:06 - zmena ceny 
AVIA                   : 35.51 +0.01 Cena: 35.51 Old: 35.5 2023-01-24 09:48:08 - zmena ceny 
AVIA                   : 35.5 -0.01 Cena: 35.5 Old: 35.51 2023-01-24 10:48:01 - zmena ceny 
AVIA                   : 35.51 +0.01 Cena: 35.51 Old: 35.5 2023-01-24 13:15:05 - zmena ceny 
OMV IKEA               : 39.79 +0.89 Cena: 39.79 Old: 38.9 2023-01-24 14:15:49 - zmena ceny 
AVIA                   : 35.5 -0.01 Cena: 35.5 Old: 35.51 2023-01-24 14:15:49 - zmena ceny 
TankONO                : 35.9 +0.4 Cena: 35.9 Old: 35.5 2023-01-24 15:25:05 - zmena ceny 
AVIA                   : 35.9 +0.4 Cena: 35.9 Old: 35.5 2023-01-24 18:07:57 - zmena ceny 
AVIA                   : 35.89 -0.01 Cena: 35.89 Old: 35.9 2023-01-24 19:10:17 - zmena ceny 
AVIA                   : 35.9 +0.01 Cena: 35.9 Old: 35.89 2023-01-24 21:08:52 - zmena ceny 
Globus                 : 37.5 +1.0 Cena: 37.5 Old: 36.5 2023-01-25 00:08:08 - zmena ceny 
Makro                  : 36.9 +0.4 Cena: 36.9 Old: 36.5 2023-01-25 06:25:30 - zmena ceny 
Tesco                  : 36.9 +0.4 Cena: 36.9 Old: 36.5 2023-01-25 11:48:34 - zmena ceny 
EuroOil Opuštěná       : 37.9 +0.4 Cena: 37.9 Old: 37.5 2023-01-26 07:48:43 - zmena ceny 
Benzina Albert Modřice : 36.9 +0.4 Cena: 36.9 Old: 36.5 2023-01-26 09:11:30 - zmena ceny 
AVIA                   : 35.89 -0.01 Cena: 35.89 Old: 35.9 2023-01-27 11:48:14 - zmena ceny 
AVIA                   : 35.9 +0.01 Cena: 35.9 Old: 35.89 2023-01-27 12:48:09 - zmena ceny 
TankONO                : 36.5 +0.6 Cena: 36.5 Old: 35.9 2023-01-27 15:48:12 - zmena ceny 
MOL Olomoucká          : 39.5 +0.6 Cena: 39.5 Old: 38.9 2023-01-27 15:48:12 - zmena ceny 
AVIA                   : 35.89 -0.01 Cena: 35.89 Old: 35.9 2023-01-27 17:10:50 - zmena ceny 
Eurobit                : 36.5 +0.6 Cena: 36.5 Old: 35.9 2023-01-27 17:10:50 - zmena ceny 
Benzina Albert Modřice : 37.5 +0.6 Cena: 37.5 Old: 36.9 2023-01-27 18:33:54 - zmena ceny 
AVIA                   : 36.5 +0.61 Cena: 36.5 Old: 35.89 2023-01-27 19:10:25 - zmena ceny 
Makro                  : 37.5 +0.6 Cena: 37.5 Old: 36.9 2023-01-28 01:41:11 - zmena ceny 
Tesco                  : 37.5 +0.6 Cena: 37.5 Old: 36.9 2023-01-28 19:09:26 - zmena ceny 
AVIA                   : 36.49 -0.01 Cena: 36.49 Old: 36.5 2023-01-30 08:48:08 - zmena ceny 
AVIA                   : 36.5 +0.01 Cena: 36.5 Old: 36.49 2023-01-30 12:07:51 - zmena ceny 
AVIA                   : 36.51 +0.01 Cena: 36.51 Old: 36.5 2023-01-30 15:48:16 - zmena ceny 
AVIA                   : 36.5 -0.01 Cena: 36.5 Old: 36.51 2023-01-30 16:48:44 - zmena ceny 
AVIA                   : 36.49 -0.01 Cena: 36.49 Old: 36.5 2023-01-30 17:52:01 - zmena ceny 
AVIA                   : 36.51 +0.02 Cena: 36.51 Old: 36.49 2023-01-30 20:07:48 - zmena ceny 
AVIA                   : 36.5 -0.01 Cena: 36.5 Old: 36.51 2023-01-30 21:09:15 - zmena ceny 
Globus                 : 37.9 +0.4 Cena: 37.9 Old: 37.5 2023-01-31 00:09:26 - zmena ceny 
EuroOil Opuštěná       : 38.5 +0.6 Cena: 38.5 Old: 37.9 2023-01-31 12:07:42 - zmena ceny 
AVIA                   : 36.49 -0.01 Cena: 36.49 Old: 36.5 2023-01-31 14:21:15 - zmena ceny 
AVIA                   : 36.5 +0.01 Cena: 36.5 Old: 36.49 2023-01-31 15:08:24 - zmena ceny 
OMV IKEA               : 40.9 +1.11 Cena: 40.9 Old: 39.79 2023-01-31 20:07:20 - zmena ceny 
AVIA                   : 36.51 +0.01 Cena: 36.51 Old: 36.5 2023-01-31 20:07:20 - zmena ceny 
AVIA                   : 36.5 -0.01 Cena: 36.5 Old: 36.51 2023-02-01 08:08:43 - zmena ceny 
AVIA                   : 36.49 -0.01 Cena: 36.49 Old: 36.5 2023-02-01 15:48:06 - zmena ceny 
AVIA                   : 36.5 +0.01 Cena: 36.5 Old: 36.49 2023-02-01 18:08:56 - zmena ceny 
AVIA                   : 36.49 -0.01 Cena: 36.49 Old: 36.5 2023-02-01 19:10:32 - zmena ceny 
AVIA                   : 36.5 +0.01 Cena: 36.5 Old: 36.49 2023-02-02 07:11:16 - zmena ceny 
Benzina Albert Modřice : 36.9 -0.6 Cena: 36.9 Old: 37.5 2023-02-02 09:11:47 - zmena ceny 
AVIA                   : 36.51 +0.01 Cena: 36.51 Old: 36.5 2023-02-02 14:18:11 - zmena ceny 
AVIA                   : 36.5 -0.01 Cena: 36.5 Old: 36.51 2023-02-02 15:08:10 - zmena ceny 
Globus                 : 37.5 -0.4 Cena: 37.5 Old: 37.9 2023-02-03 00:09:06 - zmena ceny 
AVIA                   : 36.51 +0.01 Cena: 36.51 Old: 36.5 2023-02-03 22:22:48 - zmena ceny 
AVIA                   : 36.49 -0.02 Cena: 36.49 Old: 36.51 2023-02-04 08:48:20 - zmena ceny 
AVIA                   : 36.5 +0.01 Cena: 36.5 Old: 36.49 2023-02-04 17:10:42 - zmena ceny 
AVIA                   : 36.49 -0.01 Cena: 36.49 Old: 36.5 2023-02-04 19:09:46 - zmena ceny 
AVIA                   : 36.5 +0.01 Cena: 36.5 Old: 36.49 2023-02-05 17:10:16 - zmena ceny 
MOL Olomoucká          : 38.9 -0.6 Cena: 38.9 Old: 39.5 2023-02-06 15:48:18 - zmena ceny 
OMV IKEA               : 38.9 -2.0 Cena: 38.9 Old: 40.9 2023-02-06 15:48:18 - zmena ceny 
AVIA                   : 36.51 +0.01 Cena: 36.51 Old: 36.5 2023-02-06 20:07:23 - zmena ceny 
AVIA                   : 36.49 -0.02 Cena: 36.49 Old: 36.51 2023-02-07 08:48:02 - zmena ceny 
AVIA                   : 36.5 +0.01 Cena: 36.5 Old: 36.49 2023-02-07 09:48:10 - zmena ceny 
TankONO                : 35.9 -0.6 Cena: 35.9 Old: 36.5 2023-02-07 16:09:18 - zmena ceny 
Makro                  : 36.9 -0.6 Cena: 36.9 Old: 37.5 2023-02-08 07:30:42 - zmena ceny 
AVIA                   : 36.49 -0.01 Cena: 36.49 Old: 36.5 2023-02-08 09:32:00 - zmena ceny 
AVIA                   : 35.9 -0.59 Cena: 35.9 Old: 36.49 2023-02-08 10:09:29 - zmena ceny 
EuroOil Opuštěná       : 38.2 -0.3 Cena: 38.2 Old: 38.5 2023-02-08 14:17:48 - zmena ceny 
