---07.05.2025--13:29--fv-az1940-662--runner--bbDoChk.py---{~~

BenzinBrno GitV  0.55 - Natural 95 prices in Brno - Python Version
TankONO                 : 31.9 		Elapsed time:   1.67
Tesco                   : 31.7 		Elapsed time:  11.38
Globus                  : 32.4 		Elapsed time:   1.49
Makro                   : 31.7 		Elapsed time:  10.63
Shell Olomoucká         : 35.5 		Elapsed time:  10.66
MOL Olomoucká           : 35.5 		Elapsed time:  10.75
Benzina Albert Modřice  : 31.9 		Elapsed time:   2.76
OMV IKEA                : 35.5 		Elapsed time:  10.77
EuroOil Opuštěná        : 34.5 		Elapsed time:  10.82
AVIA                    : 31.9 		Elapsed time:   2.40
Eurobit                 : 32.5 		Elapsed time:   2.47

---07.05.2025--13:29--fv-az1940-662--runner--bbDoChk.py---}~~

Total time:  24.45 seconds.
===============================================================================
===============================================================================
OkDone.

---15.05.2025--09:16--pkrvmberfyhpb9w--runner--bbDoChk.py---{~~

BenzinBrno GitV  0.56 - Natural 95 prices in Brno - Python Version
ERROR: bbSaveXls EuroOil Opuštěná        Url:https://mapy.cz/s/cutobofugo Error message: BrowserType.launch: Target page, context or browser has been closed
Browser logs:

<launching> /home/runner/.cache/ms-playwright/chromium_headless_shell-1169/chrome-linux/headless_shell --disable-field-trial-config --disable-background-networking --disable-background-timer-throttling --disable-backgrounding-occluded-windows --disable-back-forward-cache --disable-breakpad --disable-client-side-phishing-detection --disable-component-extensions-with-background-pages --disable-component-update --no-default-browser-check --disable-default-apps --disable-dev-shm-usage --disable-extensions --disable-features=AcceptCHFrame,AutoExpandDetailsElement,AvoidUnnecessaryBeforeUnloadCheckSync,CertificateTransparencyComponentUpdater,DeferRendererTasksAfterInput,DestroyProfileOnBrowserClose,DialMediaRouteProvider,ExtensionManifestV2Disabled,GlobalMediaControls,HttpsUpgrades,ImprovedCookieControls,LazyFrameLoading,LensOverlay,MediaRouter,PaintHolding,ThirdPartyStoragePartitioning,Translate --allow-pre-commit-input --disable-hang-monitor --disable-ipc-flooding-protection --disable-popup-blocking --disable-prompt-on-repost --disable-renderer-backgrounding --force-color-profile=srgb --metrics-recording-only --no-first-run --enable-automation --password-store=basic --use-mock-keychain --no-service-autorun --export-tagged-pdf --disable-search-engine-choice-screen --unsafely-disable-devtools-self-xss-warnings --headless --hide-scrollbars --mute-audio --blink-settings=primaryHoverType=2,availableHoverTypes=2,primaryPointerType=4,availablePointerTypes=4 --no-sandbox --user-data-dir=/tmp/playwright_chromiumdev_profile-AYVsXp --remote-debugging-pipe --no-startup-window
<launched> pid=8551
[pid=8551][err] /home/runner/.cache/ms-playwright/chromium_headless_shell-1169/chrome-linux/headless_shell: symbol lookup error: /home/runner/.cache/ms-playwright/chromium_headless_shell-1169/chrome-linux/headless_shell: undefined symbol: snd_device_name_get_hint, version ALSA_0.9
Call log:
  - <launching> /home/runner/.cache/ms-playwright/chromium_headless_shell-1169/chrome-linux/headless_shell --disable-field-trial-config --disable-background-networking --disable-background-timer-throttling --disable-backgrounding-occluded-windows --disable-back-forward-cache --disable-breakpad --disable-client-side-phishing-detection --disable-component-extensions-with-background-pages --disable-component-update --no-default-browser-check --disable-default-apps --disable-dev-shm-usage --disable-extensions --disable-features=AcceptCHFrame,AutoExpandDetailsElement,AvoidUnnecessaryBeforeUnloadCheckSync,CertificateTransparencyComponentUpdater,DeferRendererTasksAfterInput,DestroyProfileOnBrowserClose,DialMediaRouteProvider,ExtensionManifestV2Disabled,GlobalMediaControls,HttpsUpgrades,ImprovedCookieControls,LazyFrameLoading,LensOverlay,MediaRouter,PaintHolding,ThirdPartyStoragePartitioning,Translate --allow-pre-commit-input --disable-hang-monitor --disable-ipc-flooding-protection --disable-popup-blocking --disable-prompt-on-repost --disable-renderer-backgrounding --force-color-profile=srgb --metrics-recording-only --no-first-run --enable-automation --password-store=basic --use-mock-keychain --no-service-autorun --export-tagged-pdf --disable-search-engine-choice-screen --unsafely-disable-devtools-self-xss-warnings --headless --hide-scrollbars --mute-audio --blink-settings=primaryHoverType=2,availableHoverTypes=2,primaryPointerType=4,availablePointerTypes=4 --no-sandbox --user-data-dir=/tmp/playwright_chromiumdev_profile-AYVsXp --remote-debugging-pipe --no-startup-window
  - <launched> pid=8551
  - [pid=8551][err] /home/runner/.cache/ms-playwright/chromium_headless_shell-1169/chrome-linux/headless_shell: symbol lookup error: /home/runner/.cache/ms-playwright/chromium_headless_shell-1169/chrome-linux/headless_shell: undefined symbol: snd_device_name_get_hint, version ALSA_0.9

ERROR: bbSaveXls OMV IKEA                Url:https://mapy.cz/s/jatejehoda Error message: BrowserType.launch: Target page, context or browser has been closed
Browser logs:

<launching> /home/runner/.cache/ms-playwright/chromium_headless_shell-1169/chrome-linux/headless_shell --disable-field-trial-config --disable-background-networking --disable-background-timer-throttling --disable-backgrounding-occluded-windows --disable-back-forward-cache --disable-breakpad --disable-client-side-phishing-detection --disable-component-extensions-with-background-pages --disable-component-update --no-default-browser-check --disable-default-apps --disable-dev-shm-usage --disable-extensions --disable-features=AcceptCHFrame,AutoExpandDetailsElement,AvoidUnnecessaryBeforeUnloadCheckSync,CertificateTransparencyComponentUpdater,DeferRendererTasksAfterInput,DestroyProfileOnBrowserClose,DialMediaRouteProvider,ExtensionManifestV2Disabled,GlobalMediaControls,HttpsUpgrades,ImprovedCookieControls,LazyFrameLoading,LensOverlay,MediaRouter,PaintHolding,ThirdPartyStoragePartitioning,Translate --allow-pre-commit-input --disable-hang-monitor --disable-ipc-flooding-protection --disable-popup-blocking --disable-prompt-on-repost --disable-renderer-backgrounding --force-color-profile=srgb --metrics-recording-only --no-first-run --enable-automation --password-store=basic --use-mock-keychain --no-service-autorun --export-tagged-pdf --disable-search-engine-choice-screen --unsafely-disable-devtools-self-xss-warnings --headless --hide-scrollbars --mute-audio --blink-settings=primaryHoverType=2,availableHoverTypes=2,primaryPointerType=4,availablePointerTypes=4 --no-sandbox --user-data-dir=/tmp/playwright_chromiumdev_profile-J891hS --remote-debugging-pipe --no-startup-window
<launched> pid=8552
[pid=8552][err] /home/runner/.cache/ms-playwright/chromium_headless_shell-1169/chrome-linux/headless_shell: symbol lookup error: /home/runner/.cache/ms-playwright/chromium_headless_shell-1169/chrome-linux/headless_shell: undefined symbol: snd_device_name_get_hint, version ALSA_0.9
Call log:
  - <launching> /home/runner/.cache/ms-playwright/chromium_headless_shell-1169/chrome-linux/headless_shell --disable-field-trial-config --disable-background-networking --disable-background-timer-throttling --disable-backgrounding-occluded-windows --disable-back-forward-cache --disable-breakpad --disable-client-side-phishing-detection --disable-component-extensions-with-background-pages --disable-component-update --no-default-browser-check --disable-default-apps --disable-dev-shm-usage --disable-extensions --disable-features=AcceptCHFrame,AutoExpandDetailsElement,AvoidUnnecessaryBeforeUnloadCheckSync,CertificateTransparencyComponentUpdater,DeferRendererTasksAfterInput,DestroyProfileOnBrowserClose,DialMediaRouteProvider,ExtensionManifestV2Disabled,GlobalMediaControls,HttpsUpgrades,ImprovedCookieControls,LazyFrameLoading,LensOverlay,MediaRouter,PaintHolding,ThirdPartyStoragePartitioning,Translate --allow-pre-commit-input --disable-hang-monitor --disable-ipc-flooding-protection --disable-popup-blocking --disable-prompt-on-repost --disable-renderer-backgrounding --force-color-profile=srgb --metrics-recording-only --no-first-run --enable-automation --password-store=basic --use-mock-keychain --no-service-autorun --export-tagged-pdf --disable-search-engine-choice-screen --unsafely-disable-devtools-self-xss-warnings --headless --hide-scrollbars --mute-audio --blink-settings=primaryHoverType=2,availableHoverTypes=2,primaryPointerType=4,availablePointerTypes=4 --no-sandbox --user-data-dir=/tmp/playwright_chromiumdev_profile-J891hS --remote-debugging-pipe --no-startup-window
  - <launched> pid=8552
  - [pid=8552][err] /home/runner/.cache/ms-playwright/chromium_headless_shell-1169/chrome-linux/headless_shell: symbol lookup error: /home/runner/.cache/ms-playwright/chromium_headless_shell-1169/chrome-linux/headless_shell: undefined symbol: snd_device_name_get_hint, version ALSA_0.9

ERROR: bbSaveXls Eurobit                 Url:https://www.eurobit.cz/ceny Error message: BrowserType.launch: Target page, context or browser has been closed
Browser logs:

<launching> /home/runner/.cache/ms-playwright/chromium_headless_shell-1169/chrome-linux/headless_shell --disable-field-trial-config --disable-background-networking --disable-background-timer-throttling --disable-backgrounding-occluded-windows --disable-back-forward-cache --disable-breakpad --disable-client-side-phishing-detection --disable-component-extensions-with-background-pages --disable-component-update --no-default-browser-check --disable-default-apps --disable-dev-shm-usage --disable-extensions --disable-features=AcceptCHFrame,AutoExpandDetailsElement,AvoidUnnecessaryBeforeUnloadCheckSync,CertificateTransparencyComponentUpdater,DeferRendererTasksAfterInput,DestroyProfileOnBrowserClose,DialMediaRouteProvider,ExtensionManifestV2Disabled,GlobalMediaControls,HttpsUpgrades,ImprovedCookieControls,LazyFrameLoading,LensOverlay,MediaRouter,PaintHolding,ThirdPartyStoragePartitioning,Translate --allow-pre-commit-input --disable-hang-monitor --disable-ipc-flooding-protection --disable-popup-blocking --disable-prompt-on-repost --disable-renderer-backgrounding --force-color-profile=srgb --metrics-recording-only --no-first-run --enable-automation --password-store=basic --use-mock-keychain --no-service-autorun --export-tagged-pdf --disable-search-engine-choice-screen --unsafely-disable-devtools-self-xss-warnings --headless --hide-scrollbars --mute-audio --blink-settings=primaryHoverType=2,availableHoverTypes=2,primaryPointerType=4,availablePointerTypes=4 --no-sandbox --user-data-dir=/tmp/playwright_chromiumdev_profile-kFXdOp --remote-debugging-pipe --no-startup-window
<launched> pid=8566
[pid=8566][err] /home/runner/.cache/ms-playwright/chromium_headless_shell-1169/chrome-linux/headless_shell: symbol lookup error: /home/runner/.cache/ms-playwright/chromium_headless_shell-1169/chrome-linux/headless_shell: undefined symbol: snd_device_name_get_hint, version ALSA_0.9
Call log:
  - <launching> /home/runner/.cache/ms-playwright/chromium_headless_shell-1169/chrome-linux/headless_shell --disable-field-trial-config --disable-background-networking --disable-background-timer-throttling --disable-backgrounding-occluded-windows --disable-back-forward-cache --disable-breakpad --disable-client-side-phishing-detection --disable-component-extensions-with-background-pages --disable-component-update --no-default-browser-check --disable-default-apps --disable-dev-shm-usage --disable-extensions --disable-features=AcceptCHFrame,AutoExpandDetailsElement,AvoidUnnecessaryBeforeUnloadCheckSync,CertificateTransparencyComponentUpdater,DeferRendererTasksAfterInput,DestroyProfileOnBrowserClose,DialMediaRouteProvider,ExtensionManifestV2Disabled,GlobalMediaControls,HttpsUpgrades,ImprovedCookieControls,LazyFrameLoading,LensOverlay,MediaRouter,PaintHolding,ThirdPartyStoragePartitioning,Translate --allow-pre-commit-input --disable-hang-monitor --disable-ipc-flooding-protection --disable-popup-blocking --disable-prompt-on-repost --disable-renderer-backgrounding --force-color-profile=srgb --metrics-recording-only --no-first-run --enable-automation --password-store=basic --use-mock-keychain --no-service-autorun --export-tagged-pdf --disable-search-engine-choice-screen --unsafely-disable-devtools-self-xss-warnings --headless --hide-scrollbars --mute-audio --blink-settings=primaryHoverType=2,availableHoverTypes=2,primaryPointerType=4,availablePointerTypes=4 --no-sandbox --user-data-dir=/tmp/playwright_chromiumdev_profile-kFXdOp --remote-debugging-pipe --no-startup-window
  - <launched> pid=8566
  - [pid=8566][err] /home/runner/.cache/ms-playwright/chromium_headless_shell-1169/chrome-linux/headless_shell: symbol lookup error: /home/runner/.cache/ms-playwright/chromium_headless_shell-1169/chrome-linux/headless_shell: undefined symbol: snd_device_name_get_hint, version ALSA_0.9

ERROR: bbSaveXls Makro                   Url:https://mapy.cz/s/lopagokoha Error message: BrowserType.launch: Target page, context or browser has been closed
Browser logs:

<launching> /home/runner/.cache/ms-playwright/chromium_headless_shell-1169/chrome-linux/headless_shell --disable-field-trial-config --disable-background-networking --disable-background-timer-throttling --disable-backgrounding-occluded-windows --disable-back-forward-cache --disable-breakpad --disable-client-side-phishing-detection --disable-component-extensions-with-background-pages --disable-component-update --no-default-browser-check --disable-default-apps --disable-dev-shm-usage --disable-extensions --disable-features=AcceptCHFrame,AutoExpandDetailsElement,AvoidUnnecessaryBeforeUnloadCheckSync,CertificateTransparencyComponentUpdater,DeferRendererTasksAfterInput,DestroyProfileOnBrowserClose,DialMediaRouteProvider,ExtensionManifestV2Disabled,GlobalMediaControls,HttpsUpgrades,ImprovedCookieControls,LazyFrameLoading,LensOverlay,MediaRouter,PaintHolding,ThirdPartyStoragePartitioning,Translate --allow-pre-commit-input --disable-hang-monitor --disable-ipc-flooding-protection --disable-popup-blocking --disable-prompt-on-repost --disable-renderer-backgrounding --force-color-profile=srgb --metrics-recording-only --no-first-run --enable-automation --password-store=basic --use-mock-keychain --no-service-autorun --export-tagged-pdf --disable-search-engine-choice-screen --unsafely-disable-devtools-self-xss-warnings --headless --hide-scrollbars --mute-audio --blink-settings=primaryHoverType=2,availableHoverTypes=2,primaryPointerType=4,availablePointerTypes=4 --no-sandbox --user-data-dir=/tmp/playwright_chromiumdev_profile-rk8ZXF --remote-debugging-pipe --no-startup-window
<launched> pid=8567
[pid=8567][err] /home/runner/.cache/ms-playwright/chromium_headless_shell-1169/chrome-linux/headless_shell: symbol lookup error: /home/runner/.cache/ms-playwright/chromium_headless_shell-1169/chrome-linux/headless_shell: undefined symbol: snd_device_name_get_hint, version ALSA_0.9
Call log:
  - <launching> /home/runner/.cache/ms-playwright/chromium_headless_shell-1169/chrome-linux/headless_shell --disable-field-trial-config --disable-background-networking --disable-background-timer-throttling --disable-backgrounding-occluded-windows --disable-back-forward-cache --disable-breakpad --disable-client-side-phishing-detection --disable-component-extensions-with-background-pages --disable-component-update --no-default-browser-check --disable-default-apps --disable-dev-shm-usage --disable-extensions --disable-features=AcceptCHFrame,AutoExpandDetailsElement,AvoidUnnecessaryBeforeUnloadCheckSync,CertificateTransparencyComponentUpdater,DeferRendererTasksAfterInput,DestroyProfileOnBrowserClose,DialMediaRouteProvider,ExtensionManifestV2Disabled,GlobalMediaControls,HttpsUpgrades,ImprovedCookieControls,LazyFrameLoading,LensOverlay,MediaRouter,PaintHolding,ThirdPartyStoragePartitioning,Translate --allow-pre-commit-input --disable-hang-monitor --disable-ipc-flooding-protection --disable-popup-blocking --disable-prompt-on-repost --disable-renderer-backgrounding --force-color-profile=srgb --metrics-recording-only --no-first-run --enable-automation --password-store=basic --use-mock-keychain --no-service-autorun --export-tagged-pdf --disable-search-engine-choice-screen --unsafely-disable-devtools-self-xss-warnings --headless --hide-scrollbars --mute-audio --blink-settings=primaryHoverType=2,availableHoverTypes=2,primaryPointerType=4,availablePointerTypes=4 --no-sandbox --user-data-dir=/tmp/playwright_chromiumdev_profile-rk8ZXF --remote-debugging-pipe --no-startup-window
  - <launched> pid=8567
  - [pid=8567][err] /home/runner/.cache/ms-playwright/chromium_headless_shell-1169/chrome-linux/headless_shell: symbol lookup error: /home/runner/.cache/ms-playwright/chromium_headless_shell-1169/chrome-linux/headless_shell: undefined symbol: snd_device_name_get_hint, version ALSA_0.9

ERROR: bbSaveXls Shell Olomoucká         Url:https://mapy.cz/s/megolelafe Error message: BrowserType.launch: Target page, context or browser has been closed
Browser logs:

<launching> /home/runner/.cache/ms-playwright/chromium_headless_shell-1169/chrome-linux/headless_shell --disable-field-trial-config --disable-background-networking --disable-background-timer-throttling --disable-backgrounding-occluded-windows --disable-back-forward-cache --disable-breakpad --disable-client-side-phishing-detection --disable-component-extensions-with-background-pages --disable-component-update --no-default-browser-check --disable-default-apps --disable-dev-shm-usage --disable-extensions --disable-features=AcceptCHFrame,AutoExpandDetailsElement,AvoidUnnecessaryBeforeUnloadCheckSync,CertificateTransparencyComponentUpdater,DeferRendererTasksAfterInput,DestroyProfileOnBrowserClose,DialMediaRouteProvider,ExtensionManifestV2Disabled,GlobalMediaControls,HttpsUpgrades,ImprovedCookieControls,LazyFrameLoading,LensOverlay,MediaRouter,PaintHolding,ThirdPartyStoragePartitioning,Translate --allow-pre-commit-input --disable-hang-monitor --disable-ipc-flooding-protection --disable-popup-blocking --disable-prompt-on-repost --disable-renderer-backgrounding --force-color-profile=srgb --metrics-recording-only --no-first-run --enable-automation --password-store=basic --use-mock-keychain --no-service-autorun --export-tagged-pdf --disable-search-engine-choice-screen --unsafely-disable-devtools-self-xss-warnings --headless --hide-scrollbars --mute-audio --blink-settings=primaryHoverType=2,availableHoverTypes=2,primaryPointerType=4,availablePointerTypes=4 --no-sandbox --user-data-dir=/tmp/playwright_chromiumdev_profile-fvcqNe --remote-debugging-pipe --no-startup-window
<launched> pid=8557
[pid=8557][err] /home/runner/.cache/ms-playwright/chromium_headless_shell-1169/chrome-linux/headless_shell: symbol lookup error: /home/runner/.cache/ms-playwright/chromium_headless_shell-1169/chrome-linux/headless_shell: undefined symbol: snd_device_name_get_hint, version ALSA_0.9
Call log:
  - <launching> /home/runner/.cache/ms-playwright/chromium_headless_shell-1169/chrome-linux/headless_shell --disable-field-trial-config --disable-background-networking --disable-background-timer-throttling --disable-backgrounding-occluded-windows --disable-back-forward-cache --disable-breakpad --disable-client-side-phishing-detection --disable-component-extensions-with-background-pages --disable-component-update --no-default-browser-check --disable-default-apps --disable-dev-shm-usage --disable-extensions --disable-features=AcceptCHFrame,AutoExpandDetailsElement,AvoidUnnecessaryBeforeUnloadCheckSync,CertificateTransparencyComponentUpdater,DeferRendererTasksAfterInput,DestroyProfileOnBrowserClose,DialMediaRouteProvider,ExtensionManifestV2Disabled,GlobalMediaControls,HttpsUpgrades,ImprovedCookieControls,LazyFrameLoading,LensOverlay,MediaRouter,PaintHolding,ThirdPartyStoragePartitioning,Translate --allow-pre-commit-input --disable-hang-monitor --disable-ipc-flooding-protection --disable-popup-blocking --disable-prompt-on-repost --disable-renderer-backgrounding --force-color-profile=srgb --metrics-recording-only --no-first-run --enable-automation --password-store=basic --use-mock-keychain --no-service-autorun --export-tagged-pdf --disable-search-engine-choice-screen --unsafely-disable-devtools-self-xss-warnings --headless --hide-scrollbars --mute-audio --blink-settings=primaryHoverType=2,availableHoverTypes=2,primaryPointerType=4,availablePointerTypes=4 --no-sandbox --user-data-dir=/tmp/playwright_chromiumdev_profile-fvcqNe --remote-debugging-pipe --no-startup-window
  - <launched> pid=8557
  - [pid=8557][err] /home/runner/.cache/ms-playwright/chromium_headless_shell-1169/chrome-linux/headless_shell: symbol lookup error: /home/runner/.cache/ms-playwright/chromium_headless_shell-1169/chrome-linux/headless_shell: undefined symbol: snd_device_name_get_hint, version ALSA_0.9

ERROR: bbSaveXls MOL Olomoucká           Url:https://mapy.cz/s/kepegubeve Error message: BrowserType.launch: Target page, context or browser has been closed
Browser logs:

<launching> /home/runner/.cache/ms-playwright/chromium_headless_shell-1169/chrome-linux/headless_shell --disable-field-trial-config --disable-background-networking --disable-background-timer-throttling --disable-backgrounding-occluded-windows --disable-back-forward-cache --disable-breakpad --disable-client-side-phishing-detection --disable-component-extensions-with-background-pages --disable-component-update --no-default-browser-check --disable-default-apps --disable-dev-shm-usage --disable-extensions --disable-features=AcceptCHFrame,AutoExpandDetailsElement,AvoidUnnecessaryBeforeUnloadCheckSync,CertificateTransparencyComponentUpdater,DeferRendererTasksAfterInput,DestroyProfileOnBrowserClose,DialMediaRouteProvider,ExtensionManifestV2Disabled,GlobalMediaControls,HttpsUpgrades,ImprovedCookieControls,LazyFrameLoading,LensOverlay,MediaRouter,PaintHolding,ThirdPartyStoragePartitioning,Translate --allow-pre-commit-input --disable-hang-monitor --disable-ipc-flooding-protection --disable-popup-blocking --disable-prompt-on-repost --disable-renderer-backgrounding --force-color-profile=srgb --metrics-recording-only --no-first-run --enable-automation --password-store=basic --use-mock-keychain --no-service-autorun --export-tagged-pdf --disable-search-engine-choice-screen --unsafely-disable-devtools-self-xss-warnings --headless --hide-scrollbars --mute-audio --blink-settings=primaryHoverType=2,availableHoverTypes=2,primaryPointerType=4,availablePointerTypes=4 --no-sandbox --user-data-dir=/tmp/playwright_chromiumdev_profile-oIVecW --remote-debugging-pipe --no-startup-window
<launched> pid=8578
[pid=8578][err] /home/runner/.cache/ms-playwright/chromium_headless_shell-1169/chrome-linux/headless_shell: symbol lookup error: /home/runner/.cache/ms-playwright/chromium_headless_shell-1169/chrome-linux/headless_shell: undefined symbol: snd_device_name_get_hint, version ALSA_0.9
Call log:
  - <launching> /home/runner/.cache/ms-playwright/chromium_headless_shell-1169/chrome-linux/headless_shell --disable-field-trial-config --disable-background-networking --disable-background-timer-throttling --disable-backgrounding-occluded-windows --disable-back-forward-cache --disable-breakpad --disable-client-side-phishing-detection --disable-component-extensions-with-background-pages --disable-component-update --no-default-browser-check --disable-default-apps --disable-dev-shm-usage --disable-extensions --disable-features=AcceptCHFrame,AutoExpandDetailsElement,AvoidUnnecessaryBeforeUnloadCheckSync,CertificateTransparencyComponentUpdater,DeferRendererTasksAfterInput,DestroyProfileOnBrowserClose,DialMediaRouteProvider,ExtensionManifestV2Disabled,GlobalMediaControls,HttpsUpgrades,ImprovedCookieControls,LazyFrameLoading,LensOverlay,MediaRouter,PaintHolding,ThirdPartyStoragePartitioning,Translate --allow-pre-commit-input --disable-hang-monitor --disable-ipc-flooding-protection --disable-popup-blocking --disable-prompt-on-repost --disable-renderer-backgrounding --force-color-profile=srgb --metrics-recording-only --no-first-run --enable-automation --password-store=basic --use-mock-keychain --no-service-autorun --export-tagged-pdf --disable-search-engine-choice-screen --unsafely-disable-devtools-self-xss-warnings --headless --hide-scrollbars --mute-audio --blink-settings=primaryHoverType=2,availableHoverTypes=2,primaryPointerType=4,availablePointerTypes=4 --no-sandbox --user-data-dir=/tmp/playwright_chromiumdev_profile-oIVecW --remote-debugging-pipe --no-startup-window
  - <launched> pid=8578
  - [pid=8578][err] /home/runner/.cache/ms-playwright/chromium_headless_shell-1169/chrome-linux/headless_shell: symbol lookup error: /home/runner/.cache/ms-playwright/chromium_headless_shell-1169/chrome-linux/headless_shell: undefined symbol: snd_device_name_get_hint, version ALSA_0.9

touch: cannot touch '/home/runner/snap/firefox/common/.cache/desktop-runtime-date': No such file or directory
[Parent 8724, Main Thread] WARNING: Failed to mkdir /home/runner/snap/firefox/6159/.config/ibus/bus: Not a directory: 'glib warning', file /build/firefox/parts/firefox/build/toolkit/xre/nsSigHandlers.cpp:201

(firefox_firefox:8724): IBUS-WARNING **: 07:16:40.898: Failed to mkdir /home/runner/snap/firefox/6159/.config/ibus/bus: Not a directory
[Parent 8724, Main Thread] WARNING: Failed to create proxy: Failed to execute child process “dbus-launch” (No such file or directory)
: 'glib warning', file /build/firefox/parts/firefox/build/toolkit/xre/nsSigHandlers.cpp:201

** (firefox_firefox:8724): WARNING **: 07:16:41.489: Failed to create proxy: Failed to execute child process “dbus-launch” (No such file or directory)

[Parent 8724, Main Thread] WARNING: Failed to create proxy: Failed to execute child process “dbus-launch” (No such file or directory)
: 'glib warning', file /build/firefox/parts/firefox/build/toolkit/xre/nsSigHandlers.cpp:201

** (firefox_firefox:8724): WARNING **: 07:16:41.498: Failed to create proxy: Failed to execute child process “dbus-launch” (No such file or directory)

[Parent 8724, Main Thread] WARNING: Failed to create DBus proxy for org.a11y.Bus: Failed to execute child process “dbus-launch” (No such file or directory)
: 'glib warning', file /build/firefox/parts/firefox/build/toolkit/xre/nsSigHandlers.cpp:201

** (firefox_firefox:8724): WARNING **: 07:16:41.534: Failed to create DBus proxy for org.a11y.Bus: Failed to execute child process “dbus-launch” (No such file or directory)

ERROR: bbSaveXls Tesco                   Url:https://mapy.cz/s/mavadopata Error message: BrowserType.launch: Target page, context or browser has been closed
Browser logs:

<launching> /home/runner/.cache/ms-playwright/chromium_headless_shell-1169/chrome-linux/headless_shell --disable-field-trial-config --disable-background-networking --disable-background-timer-throttling --disable-backgrounding-occluded-windows --disable-back-forward-cache --disable-breakpad --disable-client-side-phishing-detection --disable-component-extensions-with-background-pages --disable-component-update --no-default-browser-check --disable-default-apps --disable-dev-shm-usage --disable-extensions --disable-features=AcceptCHFrame,AutoExpandDetailsElement,AvoidUnnecessaryBeforeUnloadCheckSync,CertificateTransparencyComponentUpdater,DeferRendererTasksAfterInput,DestroyProfileOnBrowserClose,DialMediaRouteProvider,ExtensionManifestV2Disabled,GlobalMediaControls,HttpsUpgrades,ImprovedCookieControls,LazyFrameLoading,LensOverlay,MediaRouter,PaintHolding,ThirdPartyStoragePartitioning,Translate --allow-pre-commit-input --disable-hang-monitor --disable-ipc-flooding-protection --disable-popup-blocking --disable-prompt-on-repost --disable-renderer-backgrounding --force-color-profile=srgb --metrics-recording-only --no-first-run --enable-automation --password-store=basic --use-mock-keychain --no-service-autorun --export-tagged-pdf --disable-search-engine-choice-screen --unsafely-disable-devtools-self-xss-warnings --headless --hide-scrollbars --mute-audio --blink-settings=primaryHoverType=2,availableHoverTypes=2,primaryPointerType=4,availablePointerTypes=4 --no-sandbox --user-data-dir=/tmp/playwright_chromiumdev_profile-zgtlzC --remote-debugging-pipe --no-startup-window
<launched> pid=8573
[pid=8573][err] /home/runner/.cache/ms-playwright/chromium_headless_shell-1169/chrome-linux/headless_shell: symbol lookup error: /home/runner/.cache/ms-playwright/chromium_headless_shell-1169/chrome-linux/headless_shell: undefined symbol: snd_device_name_get_hint, version ALSA_0.9
Call log:
  - <launching> /home/runner/.cache/ms-playwright/chromium_headless_shell-1169/chrome-linux/headless_shell --disable-field-trial-config --disable-background-networking --disable-background-timer-throttling --disable-backgrounding-occluded-windows --disable-back-forward-cache --disable-breakpad --disable-client-side-phishing-detection --disable-component-extensions-with-background-pages --disable-component-update --no-default-browser-check --disable-default-apps --disable-dev-shm-usage --disable-extensions --disable-features=AcceptCHFrame,AutoExpandDetailsElement,AvoidUnnecessaryBeforeUnloadCheckSync,CertificateTransparencyComponentUpdater,DeferRendererTasksAfterInput,DestroyProfileOnBrowserClose,DialMediaRouteProvider,ExtensionManifestV2Disabled,GlobalMediaControls,HttpsUpgrades,ImprovedCookieControls,LazyFrameLoading,LensOverlay,MediaRouter,PaintHolding,ThirdPartyStoragePartitioning,Translate --allow-pre-commit-input --disable-hang-monitor --disable-ipc-flooding-protection --disable-popup-blocking --disable-prompt-on-repost --disable-renderer-backgrounding --force-color-profile=srgb --metrics-recording-only --no-first-run --enable-automation --password-store=basic --use-mock-keychain --no-service-autorun --export-tagged-pdf --disable-search-engine-choice-screen --unsafely-disable-devtools-self-xss-warnings --headless --hide-scrollbars --mute-audio --blink-settings=primaryHoverType=2,availableHoverTypes=2,primaryPointerType=4,availablePointerTypes=4 --no-sandbox --user-data-dir=/tmp/playwright_chromiumdev_profile-zgtlzC --remote-debugging-pipe --no-startup-window
  - <launched> pid=8573
  - [pid=8573][err] /home/runner/.cache/ms-playwright/chromium_headless_shell-1169/chrome-linux/headless_shell: symbol lookup error: /home/runner/.cache/ms-playwright/chromium_headless_shell-1169/chrome-linux/headless_shell: undefined symbol: snd_device_name_get_hint, version ALSA_0.9

TankONO                 : 31.9 		Elapsed time:   1.14
Cena nezjistena -   Nazev: Tesco                    Fce: tF(tMappy(s))  Url: https://mapy.cz/s/mavadopata !
Tesco                   : 31.7 		Elapsed time:   1.08
Globus                  : 32.4 		Elapsed time:   1.03
Cena nezjistena -   Nazev: Makro                    Fce: tF(tMappy(s))  Url: https://mapy.cz/s/lopagokoha !
Makro                   : 31.7 		Elapsed time:   1.05
Cena nezjistena -   Nazev: Shell Olomoucká          Fce: tF(tMappy(s))  Url: https://mapy.cz/s/megolelafe !
Shell Olomoucká         : 35.5 		Elapsed time:   1.05
Cena nezjistena -   Nazev: MOL Olomoucká            Fce: tF(tMappy(s))  Url: https://mapy.cz/s/kepegubeve !
MOL Olomoucká           : 35.5 		Elapsed time:   1.05
Benzina Albert Modřice  : 31.9 		Elapsed time:   1.72
Cena nezjistena -   Nazev: OMV IKEA                 Fce: tF(tMappy(s))  Url: https://mapy.cz/s/jatejehoda !
OMV IKEA                : 35.5 		Elapsed time:   0.97
Cena nezjistena -   Nazev: EuroOil Opuštěná         Fce: tF(tMappy(s))  Url: https://mapy.cz/s/cutobofugo !
EuroOil Opuštěná        : 34.5 		Elapsed time:   0.92
AVIA                    : 31.9 		Elapsed time:   1.55
Cena nezjistena -   Nazev: Eurobit                  Fce: tF(tEuroB(s))  Url: https://www.eurobit.cz/ceny !
Eurobit                 : 32.5 		Elapsed time:   0.97
The exception message is: Could not find any chromium based browser. Make sure you have a chromium browser installed.Or install it by `playwright install chromium`

---15.05.2025--09:16--pkrvmberfyhpb9w--runner--bbDoChk.py---}~~

Total time:   7.06 seconds.
===============================================================================
===============================================================================
OkDone.
Exiting due to channel error.
Exiting due to channel error.
Exiting due to channel error.
Exiting due to channel error.
Exiting due to channel error.
Exiting due to channel error.
Error: cannot open display: :99
/usr/bin/xdg-open: 882: iceweasel: not found
/usr/bin/xdg-open: 882: seamonkey: not found
/usr/bin/xdg-open: 882: mozilla: not found
/usr/bin/xdg-open: 882: epiphany: not found
/usr/bin/xdg-open: 882: konqueror: not found
chromium: symbol lookup error: chromium: undefined symbol: snd_device_name_get_hint, version ALSA_0.9
chromium-browser: symbol lookup error: chromium-browser: undefined symbol: snd_device_name_get_hint, version ALSA_0.9
/usr/bin/xdg-open: 882: google-chrome: not found
/usr/bin/xdg-open: 882: www-browser: not found
/usr/bin/xdg-open: 882: links2: not found
/usr/bin/xdg-open: 882: elinks: not found
/usr/bin/xdg-open: 882: links: not found
/usr/bin/xdg-open: 882: lynx: not found
/usr/bin/xdg-open: 882: w3m: not found
xdg-open: no method available for opening 'http://127.0.0.1:43735'
